INFO: 17-02-24 08:30:43 Setup of JMS message listener invoker failed for destination 'queue://kxb.order.point2' - trying to recover. Cause: Could not open Hibernate Session for transaction; nested exception is org.hibernate.exception.JDBCConnectionException: Cannot open connection
INFO: 17-02-24 08:30:44 Could not refresh JMS Connection for destination 'queue://kxb.order.point2' - retrying in 5000 ms. Cause: Could not connect to broker URL: tcp://172.100.101.96:61616. Reason: java.net.SocketException: Network is unreachable: connect
INFO: 17-02-24 08:30:48 1ms	select 1 from ZDMaxNo where 1=2	{}
ERROR: 17-02-24 08:30:48 Default.:连接失效重连时发生错误:Communications link failure

The last packet sent successfully to the server was 0 milliseconds ago. The driver has not received any packets from the server.
INFO: 17-02-24 08:30:48 pageSQL:select * from ZDSchedule
ERROR: 17-02-24 08:30:48 操作表ZDSchedule时发生错误:No operations allowed after connection closed.Connection was implicitly closed by the driver.
ERROR: 17-02-24 08:30:48 com.mysql.jdbc.exceptions.jdbc4.MySQLNonTransientConnectionException: No operations allowed after connection closed.Connection was implicitly closed by the driver.
ERROR: 17-02-24 08:30:48 	at sun.reflect.GeneratedConstructorAccessor2217.newInstance(Unknown Source)
ERROR: 17-02-24 08:30:48 	at java.lang.reflect.Constructor.newInstance(Constructor.java:513)
ERROR: 17-02-24 08:30:48 	at com.mysql.jdbc.Util.handleNewInstance(Util.java:406)
ERROR: 17-02-24 08:30:48 	at com.mysql.jdbc.Util.getInstance(Util.java:381)
ERROR: 17-02-24 08:30:48 	at com.mysql.jdbc.SQLError.createSQLException(SQLError.java:984)
ERROR: 17-02-24 08:30:48 	at com.mysql.jdbc.SQLError.createSQLException(SQLError.java:956)
ERROR: 17-02-24 08:30:48 	at com.mysql.jdbc.SQLError.createSQLException(SQLError.java:926)
ERROR: 17-02-24 08:30:48 	at com.mysql.jdbc.ConnectionImpl.throwConnectionClosedException(ConnectionImpl.java:1160)
ERROR: 17-02-24 08:30:48 	at com.mysql.jdbc.ConnectionImpl.checkClosed(ConnectionImpl.java:1147)
ERROR: 17-02-24 08:30:48 	at com.mysql.jdbc.ConnectionImpl.prepareStatement(ConnectionImpl.java:4224)
ERROR: 17-02-24 08:30:48 	at com.mysql.jdbc.ConnectionImpl.prepareStatement(ConnectionImpl.java:4190)
ERROR: 17-02-24 08:30:48 	at com.sinosoft.framework.data.DBConn.prepareStatement(DBConn.java:360)
ERROR: 17-02-24 08:30:48 	at com.sinosoft.framework.orm.Schema.querySet(Schema.java:517)
ERROR: 17-02-24 08:30:48 	at com.sinosoft.schema.ZDScheduleSchema.query(ZDScheduleSchema.java:104)
ERROR: 17-02-24 08:30:48 	at com.sinosoft.schema.ZDScheduleSchema.query(ZDScheduleSchema.java:92)
ERROR: 17-02-24 08:30:48 	at com.sinosoft.platform.pub.ConfigEanbleTaskManager.getUsableTasks(ConfigEanbleTaskManager.java:21)
ERROR: 17-02-24 08:30:48 	at com.sinosoft.framework.schedule.CronMonitor$1.run(CronMonitor.java:55)
ERROR: 17-02-24 08:30:48 	at com.sinosoft.framework.schedule.CronMonitor.runMain(CronMonitor.java:53)
ERROR: 17-02-24 08:30:48 	at com.sinosoft.framework.schedule.CronMonitor.run(CronMonitor.java:40)
ERROR: 17-02-24 08:30:48 	at java.util.TimerThread.mainLoop(Timer.java:512)
ERROR: 17-02-24 08:30:48 	at java.util.TimerThread.run(Timer.java:462)
ERROR: 17-02-24 08:30:48 Caused by: com.mysql.jdbc.exceptions.jdbc4.CommunicationsException: The last packet successfully received from the server was 48,099,120 milliseconds ago.  The last packet sent successfully to the server was 48,099,155 milliseconds ago. is longer than the server configured value of 'wait_timeout'. You should consider either expiring and/or testing connection validity before use in your application, increasing the server configured values for client timeouts, or using the Connector/J connection property 'autoReconnect=true' to avoid this problem.
ERROR: 17-02-24 08:30:48 	at sun.reflect.GeneratedConstructorAccessor2212.newInstance(Unknown Source)
ERROR: 17-02-24 08:30:48 	at java.lang.reflect.Constructor.newInstance(Constructor.java:513)
ERROR: 17-02-24 08:30:48 	at com.mysql.jdbc.Util.handleNewInstance(Util.java:406)
ERROR: 17-02-24 08:30:48 	at com.mysql.jdbc.SQLError.createCommunicationsException(SQLError.java:1074)
ERROR: 17-02-24 08:30:48 	at com.mysql.jdbc.MysqlIO.send(MysqlIO.java:3313)
ERROR: 17-02-24 08:30:48 	at com.mysql.jdbc.MysqlIO.sendCommand(MysqlIO.java:1940)
ERROR: 17-02-24 08:30:48 	at com.mysql.jdbc.MysqlIO.sqlQueryDirect(MysqlIO.java:2109)
ERROR: 17-02-24 08:30:48 	at com.mysql.jdbc.ConnectionImpl.execSQL(ConnectionImpl.java:2648)
ERROR: 17-02-24 08:30:48 	at com.mysql.jdbc.PreparedStatement.executeInternal(PreparedStatement.java:2077)
ERROR: 17-02-24 08:30:48 	at com.mysql.jdbc.PreparedStatement.executeQuery(PreparedStatement.java:2228)
ERROR: 17-02-24 08:30:48 	at com.sinosoft.framework.data.DataAccess.executeOneValue(DataAccess.java:373)
ERROR: 17-02-24 08:30:48 	at com.sinosoft.framework.data.DBConnPoolImpl.getConnection(DBConnPoolImpl.java:204)
ERROR: 17-02-24 08:30:48 	at com.sinosoft.framework.data.DBConnPool.getConnection(DBConnPool.java:85)
ERROR: 17-02-24 08:30:48 	at com.sinosoft.framework.data.DBConnPool.getConnection(DBConnPool.java:56)
ERROR: 17-02-24 08:30:48 	at com.sinosoft.framework.data.DBConnPool.getConnection(DBConnPool.java:18)
ERROR: 17-02-24 08:30:48 	at com.sinosoft.framework.data.DataAccess.getConnection(DataAccess.java:34)
ERROR: 17-02-24 08:30:48 	at com.sinosoft.framework.orm.Schema.querySet(Schema.java:457)
ERROR: 17-02-24 08:30:48 	... 8 more
ERROR: 17-02-24 08:30:48 Caused by: java.net.SocketException: Connection reset by peer: socket write error
ERROR: 17-02-24 08:30:48 	at java.net.SocketOutputStream.socketWrite0(SocketOutputStream.java)
ERROR: 17-02-24 08:30:48 	at java.net.SocketOutputStream.socketWrite(SocketOutputStream.java:92)
ERROR: 17-02-24 08:30:48 	at java.net.SocketOutputStream.write(SocketOutputStream.java:136)
ERROR: 17-02-24 08:30:48 	at java.io.BufferedOutputStream.flushBuffer(BufferedOutputStream.java:65)
ERROR: 17-02-24 08:30:48 	at java.io.BufferedOutputStream.flush(BufferedOutputStream.java:123)
ERROR: 17-02-24 08:30:48 	at com.mysql.jdbc.MysqlIO.send(MysqlIO.java:3294)
ERROR: 17-02-24 08:30:48 	... 20 more
ERROR: 17-02-24 08:30:48 java.lang.NullPointerException
ERROR: 17-02-24 08:30:48 	at com.sinosoft.platform.pub.ConfigEanbleTaskManager.getUsableTasks(ConfigEanbleTaskManager.java:26)
ERROR: 17-02-24 08:30:48 	at com.sinosoft.framework.schedule.CronMonitor$1.run(CronMonitor.java:55)
ERROR: 17-02-24 08:30:48 	at com.sinosoft.framework.schedule.CronMonitor.runMain(CronMonitor.java:53)
ERROR: 17-02-24 08:30:48 	at com.sinosoft.framework.schedule.CronMonitor.run(CronMonitor.java:40)
ERROR: 17-02-24 08:30:48 	at java.util.TimerThread.mainLoop(Timer.java:512)
ERROR: 17-02-24 08:30:48 	at java.util.TimerThread.run(Timer.java:462)
INFO: 17-02-24 08:30:48 0ms	select 1 from ZDMaxNo where 1=2	{}
ERROR: 17-02-24 08:30:48 Default.:连接失效重连时发生错误:Communications link failure

The last packet sent successfully to the server was 0 milliseconds ago. The driver has not received any packets from the server.
INFO: 17-02-24 08:30:48 pageSQL:select * from ZDSchedule
ERROR: 17-02-24 08:30:48 操作表ZDSchedule时发生错误:No operations allowed after connection closed.Connection was implicitly closed by the driver.
ERROR: 17-02-24 08:30:48 com.mysql.jdbc.exceptions.jdbc4.MySQLNonTransientConnectionException: No operations allowed after connection closed.Connection was implicitly closed by the driver.
ERROR: 17-02-24 08:30:48 	at sun.reflect.GeneratedConstructorAccessor2217.newInstance(Unknown Source)
ERROR: 17-02-24 08:30:48 	at java.lang.reflect.Constructor.newInstance(Constructor.java:513)
ERROR: 17-02-24 08:30:48 	at com.mysql.jdbc.Util.handleNewInstance(Util.java:406)
ERROR: 17-02-24 08:30:48 	at com.mysql.jdbc.Util.getInstance(Util.java:381)
ERROR: 17-02-24 08:30:48 	at com.mysql.jdbc.SQLError.createSQLException(SQLError.java:984)
ERROR: 17-02-24 08:30:48 	at com.mysql.jdbc.SQLError.createSQLException(SQLError.java:956)
ERROR: 17-02-24 08:30:48 	at com.mysql.jdbc.SQLError.createSQLException(SQLError.java:926)
ERROR: 17-02-24 08:30:48 	at com.mysql.jdbc.ConnectionImpl.throwConnectionClosedException(ConnectionImpl.java:1160)
ERROR: 17-02-24 08:30:48 	at com.mysql.jdbc.ConnectionImpl.checkClosed(ConnectionImpl.java:1147)
ERROR: 17-02-24 08:30:48 	at com.mysql.jdbc.ConnectionImpl.prepareStatement(ConnectionImpl.java:4224)
ERROR: 17-02-24 08:30:48 	at com.mysql.jdbc.ConnectionImpl.prepareStatement(ConnectionImpl.java:4190)
ERROR: 17-02-24 08:30:48 	at com.sinosoft.framework.data.DBConn.prepareStatement(DBConn.java:360)
ERROR: 17-02-24 08:30:48 	at com.sinosoft.framework.orm.Schema.querySet(Schema.java:517)
ERROR: 17-02-24 08:30:48 	at com.sinosoft.schema.ZDScheduleSchema.query(ZDScheduleSchema.java:104)
ERROR: 17-02-24 08:30:48 	at com.sinosoft.schema.ZDScheduleSchema.query(ZDScheduleSchema.java:92)
ERROR: 17-02-24 08:30:48 	at com.sinosoft.platform.pub.ConfigEanbleTaskManager.getUsableTasks(ConfigEanbleTaskManager.java:21)
ERROR: 17-02-24 08:30:48 	at com.sinosoft.framework.schedule.CronMonitor$1.run(CronMonitor.java:55)
ERROR: 17-02-24 08:30:48 	at com.sinosoft.framework.schedule.CronMonitor.runMain(CronMonitor.java:53)
ERROR: 17-02-24 08:30:48 	at com.sinosoft.framework.schedule.CronMonitor.run(CronMonitor.java:40)
ERROR: 17-02-24 08:30:48 	at java.util.TimerThread.mainLoop(Timer.java:512)
ERROR: 17-02-24 08:30:48 	at java.util.TimerThread.run(Timer.java:462)
ERROR: 17-02-24 08:30:48 Caused by: com.mysql.jdbc.exceptions.jdbc4.CommunicationsException: The last packet successfully received from the server was 48,099,120 milliseconds ago.  The last packet sent successfully to the server was 48,099,155 milliseconds ago. is longer than the server configured value of 'wait_timeout'. You should consider either expiring and/or testing connection validity before use in your application, increasing the server configured values for client timeouts, or using the Connector/J connection property 'autoReconnect=true' to avoid this problem.
ERROR: 17-02-24 08:30:48 	at sun.reflect.GeneratedConstructorAccessor2212.newInstance(Unknown Source)
ERROR: 17-02-24 08:30:48 	at java.lang.reflect.Constructor.newInstance(Constructor.java:513)
ERROR: 17-02-24 08:30:48 	at com.mysql.jdbc.Util.handleNewInstance(Util.java:406)
ERROR: 17-02-24 08:30:48 	at com.mysql.jdbc.SQLError.createCommunicationsException(SQLError.java:1074)
ERROR: 17-02-24 08:30:48 	at com.mysql.jdbc.MysqlIO.send(MysqlIO.java:3313)
ERROR: 17-02-24 08:30:48 	at com.mysql.jdbc.MysqlIO.sendCommand(MysqlIO.java:1940)
ERROR: 17-02-24 08:30:48 	at com.mysql.jdbc.MysqlIO.sqlQueryDirect(MysqlIO.java:2109)
ERROR: 17-02-24 08:30:48 	at com.mysql.jdbc.ConnectionImpl.execSQL(ConnectionImpl.java:2648)
ERROR: 17-02-24 08:30:48 	at com.mysql.jdbc.PreparedStatement.executeInternal(PreparedStatement.java:2077)
ERROR: 17-02-24 08:30:48 	at com.mysql.jdbc.PreparedStatement.executeQuery(PreparedStatement.java:2228)
ERROR: 17-02-24 08:30:48 	at com.sinosoft.framework.data.DataAccess.executeOneValue(DataAccess.java:373)
ERROR: 17-02-24 08:30:48 	at com.sinosoft.framework.data.DBConnPoolImpl.getConnection(DBConnPoolImpl.java:204)
ERROR: 17-02-24 08:30:48 	at com.sinosoft.framework.data.DBConnPool.getConnection(DBConnPool.java:85)
ERROR: 17-02-24 08:30:48 	at com.sinosoft.framework.data.DBConnPool.getConnection(DBConnPool.java:56)
ERROR: 17-02-24 08:30:48 	at com.sinosoft.framework.data.DBConnPool.getConnection(DBConnPool.java:18)
ERROR: 17-02-24 08:30:48 	at com.sinosoft.framework.data.DataAccess.getConnection(DataAccess.java:34)
ERROR: 17-02-24 08:30:48 	at com.sinosoft.framework.orm.Schema.querySet(Schema.java:457)
ERROR: 17-02-24 08:30:48 	... 8 more
ERROR: 17-02-24 08:30:48 Caused by: java.net.SocketException: Connection reset by peer: socket write error
ERROR: 17-02-24 08:30:48 	at java.net.SocketOutputStream.socketWrite0(SocketOutputStream.java)
ERROR: 17-02-24 08:30:48 	at java.net.SocketOutputStream.socketWrite(SocketOutputStream.java:92)
ERROR: 17-02-24 08:30:48 	at java.net.SocketOutputStream.write(SocketOutputStream.java:136)
ERROR: 17-02-24 08:30:48 	at java.io.BufferedOutputStream.flushBuffer(BufferedOutputStream.java:65)
ERROR: 17-02-24 08:30:48 	at java.io.BufferedOutputStream.flush(BufferedOutputStream.java:123)
ERROR: 17-02-24 08:30:48 	at com.mysql.jdbc.MysqlIO.send(MysqlIO.java:3294)
ERROR: 17-02-24 08:30:48 	... 20 more
ERROR: 17-02-24 08:30:48 java.lang.NullPointerException
ERROR: 17-02-24 08:30:48 	at com.sinosoft.platform.pub.ConfigEanbleTaskManager.getUsableTasks(ConfigEanbleTaskManager.java:26)
ERROR: 17-02-24 08:30:48 	at com.sinosoft.framework.schedule.CronMonitor$1.run(CronMonitor.java:55)
ERROR: 17-02-24 08:30:48 	at com.sinosoft.framework.schedule.CronMonitor.runMain(CronMonitor.java:53)
ERROR: 17-02-24 08:30:48 	at com.sinosoft.framework.schedule.CronMonitor.run(CronMonitor.java:40)
ERROR: 17-02-24 08:30:48 	at java.util.TimerThread.mainLoop(Timer.java:512)
ERROR: 17-02-24 08:30:48 	at java.util.TimerThread.run(Timer.java:462)
INFO: 17-02-24 08:30:49 Could not refresh JMS Connection for destination 'queue://kxb.order.point2' - retrying in 5000 ms. Cause: Could not connect to broker URL: tcp://172.100.101.96:61616. Reason: java.net.SocketException: Network is unreachable: connect
INFO: 17-02-24 08:30:49 0ms	select 1 from ZDMaxNo where 1=2	{}
ERROR: 17-02-24 08:30:49 Default.:连接失效重连时发生错误:Communications link failure

The last packet sent successfully to the server was 0 milliseconds ago. The driver has not received any packets from the server.
INFO: 17-02-24 08:30:49 pageSQL:select * from ZDSchedule
ERROR: 17-02-24 08:30:49 操作表ZDSchedule时发生错误:No operations allowed after connection closed.Connection was implicitly closed by the driver.
ERROR: 17-02-24 08:30:49 com.mysql.jdbc.exceptions.jdbc4.MySQLNonTransientConnectionException: No operations allowed after connection closed.Connection was implicitly closed by the driver.
ERROR: 17-02-24 08:30:49 	at sun.reflect.GeneratedConstructorAccessor2217.newInstance(Unknown Source)
ERROR: 17-02-24 08:30:49 	at java.lang.reflect.Constructor.newInstance(Constructor.java:513)
ERROR: 17-02-24 08:30:49 	at com.mysql.jdbc.Util.handleNewInstance(Util.java:406)
ERROR: 17-02-24 08:30:49 	at com.mysql.jdbc.Util.getInstance(Util.java:381)
ERROR: 17-02-24 08:30:49 	at com.mysql.jdbc.SQLError.createSQLException(SQLError.java:984)
ERROR: 17-02-24 08:30:49 	at com.mysql.jdbc.SQLError.createSQLException(SQLError.java:956)
ERROR: 17-02-24 08:30:49 	at com.mysql.jdbc.SQLError.createSQLException(SQLError.java:926)
ERROR: 17-02-24 08:30:49 	at com.mysql.jdbc.ConnectionImpl.throwConnectionClosedException(ConnectionImpl.java:1160)
ERROR: 17-02-24 08:30:49 	at com.mysql.jdbc.ConnectionImpl.checkClosed(ConnectionImpl.java:1147)
ERROR: 17-02-24 08:30:49 	at com.mysql.jdbc.ConnectionImpl.prepareStatement(ConnectionImpl.java:4224)
ERROR: 17-02-24 08:30:49 	at com.mysql.jdbc.ConnectionImpl.prepareStatement(ConnectionImpl.java:4190)
ERROR: 17-02-24 08:30:49 	at com.sinosoft.framework.data.DBConn.prepareStatement(DBConn.java:360)
ERROR: 17-02-24 08:30:49 	at com.sinosoft.framework.orm.Schema.querySet(Schema.java:517)
ERROR: 17-02-24 08:30:49 	at com.sinosoft.schema.ZDScheduleSchema.query(ZDScheduleSchema.java:104)
ERROR: 17-02-24 08:30:49 	at com.sinosoft.schema.ZDScheduleSchema.query(ZDScheduleSchema.java:92)
ERROR: 17-02-24 08:30:49 	at com.sinosoft.platform.pub.ConfigEanbleTaskManager.getUsableTasks(ConfigEanbleTaskManager.java:21)
ERROR: 17-02-24 08:30:49 	at com.sinosoft.framework.schedule.CronMonitor$1.run(CronMonitor.java:55)
ERROR: 17-02-24 08:30:49 	at com.sinosoft.framework.schedule.CronMonitor.runMain(CronMonitor.java:53)
ERROR: 17-02-24 08:30:49 	at com.sinosoft.framework.schedule.CronMonitor.run(CronMonitor.java:40)
ERROR: 17-02-24 08:30:49 	at java.util.TimerThread.mainLoop(Timer.java:512)
ERROR: 17-02-24 08:30:49 	at java.util.TimerThread.run(Timer.java:462)
ERROR: 17-02-24 08:30:49 Caused by: com.mysql.jdbc.exceptions.jdbc4.CommunicationsException: The last packet successfully received from the server was 48,099,120 milliseconds ago.  The last packet sent successfully to the server was 48,099,155 milliseconds ago. is longer than the server configured value of 'wait_timeout'. You should consider either expiring and/or testing connection validity before use in your application, increasing the server configured values for client timeouts, or using the Connector/J connection property 'autoReconnect=true' to avoid this problem.
ERROR: 17-02-24 08:30:49 	at sun.reflect.GeneratedConstructorAccessor2212.newInstance(Unknown Source)
ERROR: 17-02-24 08:30:49 	at java.lang.reflect.Constructor.newInstance(Constructor.java:513)
ERROR: 17-02-24 08:30:49 	at com.mysql.jdbc.Util.handleNewInstance(Util.java:406)
ERROR: 17-02-24 08:30:49 	at com.mysql.jdbc.SQLError.createCommunicationsException(SQLError.java:1074)
ERROR: 17-02-24 08:30:49 	at com.mysql.jdbc.MysqlIO.send(MysqlIO.java:3313)
ERROR: 17-02-24 08:30:49 	at com.mysql.jdbc.MysqlIO.sendCommand(MysqlIO.java:1940)
ERROR: 17-02-24 08:30:49 	at com.mysql.jdbc.MysqlIO.sqlQueryDirect(MysqlIO.java:2109)
ERROR: 17-02-24 08:30:49 	at com.mysql.jdbc.ConnectionImpl.execSQL(ConnectionImpl.java:2648)
ERROR: 17-02-24 08:30:49 	at com.mysql.jdbc.PreparedStatement.executeInternal(PreparedStatement.java:2077)
ERROR: 17-02-24 08:30:49 	at com.mysql.jdbc.PreparedStatement.executeQuery(PreparedStatement.java:2228)
ERROR: 17-02-24 08:30:49 	at com.sinosoft.framework.data.DataAccess.executeOneValue(DataAccess.java:373)
ERROR: 17-02-24 08:30:49 	at com.sinosoft.framework.data.DBConnPoolImpl.getConnection(DBConnPoolImpl.java:204)
ERROR: 17-02-24 08:30:49 	at com.sinosoft.framework.data.DBConnPool.getConnection(DBConnPool.java:85)
ERROR: 17-02-24 08:30:49 	at com.sinosoft.framework.data.DBConnPool.getConnection(DBConnPool.java:56)
ERROR: 17-02-24 08:30:49 	at com.sinosoft.framework.data.DBConnPool.getConnection(DBConnPool.java:18)
ERROR: 17-02-24 08:30:49 	at com.sinosoft.framework.data.DataAccess.getConnection(DataAccess.java:34)
ERROR: 17-02-24 08:30:49 	at com.sinosoft.framework.orm.Schema.querySet(Schema.java:457)
ERROR: 17-02-24 08:30:49 	... 8 more
ERROR: 17-02-24 08:30:49 Caused by: java.net.SocketException: Connection reset by peer: socket write error
ERROR: 17-02-24 08:30:49 	at java.net.SocketOutputStream.socketWrite0(SocketOutputStream.java)
ERROR: 17-02-24 08:30:49 	at java.net.SocketOutputStream.socketWrite(SocketOutputStream.java:92)
ERROR: 17-02-24 08:30:49 	at java.net.SocketOutputStream.write(SocketOutputStream.java:136)
ERROR: 17-02-24 08:30:49 	at java.io.BufferedOutputStream.flushBuffer(BufferedOutputStream.java:65)
ERROR: 17-02-24 08:30:49 	at java.io.BufferedOutputStream.flush(BufferedOutputStream.java:123)
ERROR: 17-02-24 08:30:49 	at com.mysql.jdbc.MysqlIO.send(MysqlIO.java:3294)
ERROR: 17-02-24 08:30:49 	... 20 more
ERROR: 17-02-24 08:30:49 java.lang.NullPointerException
ERROR: 17-02-24 08:30:49 	at com.sinosoft.platform.pub.ConfigEanbleTaskManager.getUsableTasks(ConfigEanbleTaskManager.java:26)
ERROR: 17-02-24 08:30:49 	at com.sinosoft.framework.schedule.CronMonitor$1.run(CronMonitor.java:55)
ERROR: 17-02-24 08:30:49 	at com.sinosoft.framework.schedule.CronMonitor.runMain(CronMonitor.java:53)
ERROR: 17-02-24 08:30:49 	at com.sinosoft.framework.schedule.CronMonitor.run(CronMonitor.java:40)
ERROR: 17-02-24 08:30:49 	at java.util.TimerThread.mainLoop(Timer.java:512)
ERROR: 17-02-24 08:30:49 	at java.util.TimerThread.run(Timer.java:462)
INFO: 17-02-24 08:30:50 0ms	select 1 from ZDMaxNo where 1=2	{}
ERROR: 17-02-24 08:30:50 Default.:连接失效重连时发生错误:Communications link failure

The last packet sent successfully to the server was 0 milliseconds ago. The driver has not received any packets from the server.
INFO: 17-02-24 08:30:50 pageSQL:select * from ZDSchedule
ERROR: 17-02-24 08:30:50 操作表ZDSchedule时发生错误:No operations allowed after connection closed.Connection was implicitly closed by the driver.
ERROR: 17-02-24 08:30:50 com.mysql.jdbc.exceptions.jdbc4.MySQLNonTransientConnectionException: No operations allowed after connection closed.Connection was implicitly closed by the driver.
ERROR: 17-02-24 08:30:50 	at sun.reflect.GeneratedConstructorAccessor2217.newInstance(Unknown Source)
ERROR: 17-02-24 08:30:50 	at java.lang.reflect.Constructor.newInstance(Constructor.java:513)
ERROR: 17-02-24 08:30:50 	at com.mysql.jdbc.Util.handleNewInstance(Util.java:406)
ERROR: 17-02-24 08:30:50 	at com.mysql.jdbc.Util.getInstance(Util.java:381)
ERROR: 17-02-24 08:30:50 	at com.mysql.jdbc.SQLError.createSQLException(SQLError.java:984)
ERROR: 17-02-24 08:30:50 	at com.mysql.jdbc.SQLError.createSQLException(SQLError.java:956)
ERROR: 17-02-24 08:30:50 	at com.mysql.jdbc.SQLError.createSQLException(SQLError.java:926)
ERROR: 17-02-24 08:30:50 	at com.mysql.jdbc.ConnectionImpl.throwConnectionClosedException(ConnectionImpl.java:1160)
ERROR: 17-02-24 08:30:50 	at com.mysql.jdbc.ConnectionImpl.checkClosed(ConnectionImpl.java:1147)
ERROR: 17-02-24 08:30:50 	at com.mysql.jdbc.ConnectionImpl.prepareStatement(ConnectionImpl.java:4224)
ERROR: 17-02-24 08:30:50 	at com.mysql.jdbc.ConnectionImpl.prepareStatement(ConnectionImpl.java:4190)
ERROR: 17-02-24 08:30:50 	at com.sinosoft.framework.data.DBConn.prepareStatement(DBConn.java:360)
ERROR: 17-02-24 08:30:50 	at com.sinosoft.framework.orm.Schema.querySet(Schema.java:517)
ERROR: 17-02-24 08:30:50 	at com.sinosoft.schema.ZDScheduleSchema.query(ZDScheduleSchema.java:104)
ERROR: 17-02-24 08:30:50 	at com.sinosoft.schema.ZDScheduleSchema.query(ZDScheduleSchema.java:92)
ERROR: 17-02-24 08:30:50 	at com.sinosoft.platform.pub.ConfigEanbleTaskManager.getUsableTasks(ConfigEanbleTaskManager.java:21)
ERROR: 17-02-24 08:30:50 	at com.sinosoft.framework.schedule.CronMonitor$1.run(CronMonitor.java:55)
ERROR: 17-02-24 08:30:50 	at com.sinosoft.framework.schedule.CronMonitor.runMain(CronMonitor.java:53)
ERROR: 17-02-24 08:30:50 	at com.sinosoft.framework.schedule.CronMonitor.run(CronMonitor.java:40)
ERROR: 17-02-24 08:30:50 	at java.util.TimerThread.mainLoop(Timer.java:512)
ERROR: 17-02-24 08:30:50 	at java.util.TimerThread.run(Timer.java:462)
ERROR: 17-02-24 08:30:50 Caused by: com.mysql.jdbc.exceptions.jdbc4.CommunicationsException: The last packet successfully received from the server was 48,099,120 milliseconds ago.  The last packet sent successfully to the server was 48,099,155 milliseconds ago. is longer than the server configured value of 'wait_timeout'. You should consider either expiring and/or testing connection validity before use in your application, increasing the server configured values for client timeouts, or using the Connector/J connection property 'autoReconnect=true' to avoid this problem.
ERROR: 17-02-24 08:30:50 	at sun.reflect.GeneratedConstructorAccessor2212.newInstance(Unknown Source)
ERROR: 17-02-24 08:30:50 	at java.lang.reflect.Constructor.newInstance(Constructor.java:513)
ERROR: 17-02-24 08:30:50 	at com.mysql.jdbc.Util.handleNewInstance(Util.java:406)
ERROR: 17-02-24 08:30:50 	at com.mysql.jdbc.SQLError.createCommunicationsException(SQLError.java:1074)
ERROR: 17-02-24 08:30:50 	at com.mysql.jdbc.MysqlIO.send(MysqlIO.java:3313)
ERROR: 17-02-24 08:30:50 	at com.mysql.jdbc.MysqlIO.sendCommand(MysqlIO.java:1940)
ERROR: 17-02-24 08:30:50 	at com.mysql.jdbc.MysqlIO.sqlQueryDirect(MysqlIO.java:2109)
ERROR: 17-02-24 08:30:50 	at com.mysql.jdbc.ConnectionImpl.execSQL(ConnectionImpl.java:2648)
ERROR: 17-02-24 08:30:50 	at com.mysql.jdbc.PreparedStatement.executeInternal(PreparedStatement.java:2077)
ERROR: 17-02-24 08:30:50 	at com.mysql.jdbc.PreparedStatement.executeQuery(PreparedStatement.java:2228)
ERROR: 17-02-24 08:30:50 	at com.sinosoft.framework.data.DataAccess.executeOneValue(DataAccess.java:373)
ERROR: 17-02-24 08:30:50 	at com.sinosoft.framework.data.DBConnPoolImpl.getConnection(DBConnPoolImpl.java:204)
ERROR: 17-02-24 08:30:50 	at com.sinosoft.framework.data.DBConnPool.getConnection(DBConnPool.java:85)
ERROR: 17-02-24 08:30:50 	at com.sinosoft.framework.data.DBConnPool.getConnection(DBConnPool.java:56)
ERROR: 17-02-24 08:30:50 	at com.sinosoft.framework.data.DBConnPool.getConnection(DBConnPool.java:18)
ERROR: 17-02-24 08:30:50 	at com.sinosoft.framework.data.DataAccess.getConnection(DataAccess.java:34)
ERROR: 17-02-24 08:30:50 	at com.sinosoft.framework.orm.Schema.querySet(Schema.java:457)
ERROR: 17-02-24 08:30:50 	... 8 more
ERROR: 17-02-24 08:30:50 Caused by: java.net.SocketException: Connection reset by peer: socket write error
ERROR: 17-02-24 08:30:50 	at java.net.SocketOutputStream.socketWrite0(SocketOutputStream.java)
ERROR: 17-02-24 08:30:50 	at java.net.SocketOutputStream.socketWrite(SocketOutputStream.java:92)
ERROR: 17-02-24 08:30:50 	at java.net.SocketOutputStream.write(SocketOutputStream.java:136)
ERROR: 17-02-24 08:30:50 	at java.io.BufferedOutputStream.flushBuffer(BufferedOutputStream.java:65)
ERROR: 17-02-24 08:30:50 	at java.io.BufferedOutputStream.flush(BufferedOutputStream.java:123)
ERROR: 17-02-24 08:30:50 	at com.mysql.jdbc.MysqlIO.send(MysqlIO.java:3294)
ERROR: 17-02-24 08:30:50 	... 20 more
ERROR: 17-02-24 08:30:50 java.lang.NullPointerException
ERROR: 17-02-24 08:30:50 	at com.sinosoft.platform.pub.ConfigEanbleTaskManager.getUsableTasks(ConfigEanbleTaskManager.java:26)
ERROR: 17-02-24 08:30:50 	at com.sinosoft.framework.schedule.CronMonitor$1.run(CronMonitor.java:55)
ERROR: 17-02-24 08:30:50 	at com.sinosoft.framework.schedule.CronMonitor.runMain(CronMonitor.java:53)
ERROR: 17-02-24 08:30:50 	at com.sinosoft.framework.schedule.CronMonitor.run(CronMonitor.java:40)
ERROR: 17-02-24 08:30:50 	at java.util.TimerThread.mainLoop(Timer.java:512)
ERROR: 17-02-24 08:30:50 	at java.util.TimerThread.run(Timer.java:462)
INFO: 17-02-24 08:30:51 0ms	select 1 from ZDMaxNo where 1=2	{}
INFO: 17-02-24 08:30:52 pageSQL:select * from ZDSchedule
INFO: 17-02-24 08:30:54 Established shared JMS Connection: ActiveMQConnection {id=ID:liyinfeng-PC-50191-1487810535895-1:7,clientId=null,started=false}
INFO: 17-02-24 08:30:54 Successfully refreshed JMS Connection
INFO: 17-02-24 08:31:00 PublishTask定时发布任务
INFO: 17-02-24 08:31:00 pageSQL:select * from ZCArticle  where publishdate<=? and status =20
INFO: 17-02-24 08:31:00 开始建立索引D:/IdeaProjects/wj/WebContent/WEB-INF/data/index/keyword/......
INFO: 17-02-24 08:31:00 1ms	select 1 from ZDMaxNo where 1=2	{}
ERROR: 17-02-24 08:31:00 Default.:检测到连接使用超时48115732，程序可能存在连接池泄漏，将自动关闭连接。以下是调用堆栈:
ERROR: 17-02-24 08:31:00 	com.sinosoft.framework.data.DBConnPool.getConnection(),行号:85
	com.sinosoft.framework.data.DBConnPool.getConnection(),行号:56
	com.sinosoft.framework.data.DBConnPool.getConnection(),行号:18
	com.sinosoft.framework.data.DataAccess.executeDataTable(),行号:166
	com.sinosoft.framework.data.QueryBuilder.executeDataTable(),行号:256
	com.sinosoft.cms.document.ArticleRelaIndexer.update(),行号:111
	com.sinosoft.search.index.IndexerThread.run(),行号:10

INFO: 17-02-24 08:31:01 822ms	select InnerCode,KeywordSetting from ZCCatalog where KeywordFlag='Y'	{}
INFO: 17-02-24 08:31:02 Default.:创建新连接，总数：10
INFO: 17-02-24 08:31:02 pageSQL:select * from ZCInnerGather
INFO: 17-02-24 08:31:02 1ms	select 1 from ZDMaxNo where 1=2	{}
INFO: 17-02-24 08:31:04 pageSQL:select * from ZCDBGather
INFO: 17-02-24 08:31:04 pageSQL:select * from ZCArticle where downlinedate<=? and status=?
INFO: 17-02-24 08:31:04 pageSQL:select * from ZCInnerDeploy
ERROR: 17-02-24 08:31:04 Default.:检测到连接使用超时48119483，程序可能存在连接池泄漏，将自动关闭连接。以下是调用堆栈:
ERROR: 17-02-24 08:31:04 	com.sinosoft.framework.data.DBConnPool.getConnection(),行号:85
	com.sinosoft.framework.data.DBConnPool.getConnection(),行号:56
	com.sinosoft.framework.data.DBConnPool.getConnection(),行号:18
	com.sinosoft.framework.data.DataAccess.getConnection(),行号:34
	com.sinosoft.framework.orm.Schema.querySet(),行号:457
	com.sinosoft.schema.ZCDBGatherSchema.query(),行号:129
	com.sinosoft.schema.ZCDBGatherSchema.query(),行号:117
	com.sinosoft.datachannel.DBSyncTask$1.run(),行号:33

ERROR: 17-02-24 08:31:04 操作表ZCDBGather时发生错误:Communications link failure

The last packet successfully received from the server was 17 milliseconds ago.  The last packet sent successfully to the server was 2 milliseconds ago.
ERROR: 17-02-24 08:31:04 com.mysql.jdbc.exceptions.jdbc4.CommunicationsException: Communications link failure

The last packet successfully received from the server was 17 milliseconds ago.  The last packet sent successfully to the server was 2 milliseconds ago.
ERROR: 17-02-24 08:31:04 	at sun.reflect.GeneratedConstructorAccessor2212.newInstance(Unknown Source)
ERROR: 17-02-24 08:31:04 	at java.lang.reflect.Constructor.newInstance(Constructor.java:513)
ERROR: 17-02-24 08:31:04 	at com.mysql.jdbc.Util.handleNewInstance(Util.java:406)
ERROR: 17-02-24 08:31:04 	at com.mysql.jdbc.SQLError.createCommunicationsException(SQLError.java:1074)
ERROR: 17-02-24 08:31:04 	at com.mysql.jdbc.MysqlIO.reuseAndReadPacket(MysqlIO.java:3052)
ERROR: 17-02-24 08:31:04 	at com.mysql.jdbc.MysqlIO.reuseAndReadPacket(MysqlIO.java:2938)
ERROR: 17-02-24 08:31:04 	at com.mysql.jdbc.MysqlIO.checkErrorPacket(MysqlIO.java:3481)
ERROR: 17-02-24 08:31:04 	at com.mysql.jdbc.MysqlIO.sendCommand(MysqlIO.java:1959)
ERROR: 17-02-24 08:31:04 	at com.mysql.jdbc.MysqlIO.sqlQueryDirect(MysqlIO.java:2109)
ERROR: 17-02-24 08:31:04 	at com.mysql.jdbc.ConnectionImpl.execSQL(ConnectionImpl.java:2648)
ERROR: 17-02-24 08:31:04 	at com.mysql.jdbc.PreparedStatement.executeInternal(PreparedStatement.java:2077)
ERROR: 17-02-24 08:31:04 	at com.mysql.jdbc.PreparedStatement.executeQuery(PreparedStatement.java:2228)
ERROR: 17-02-24 08:31:04 	at com.sinosoft.framework.orm.Schema.querySet(Schema.java:519)
ERROR: 17-02-24 08:31:04 	at com.sinosoft.schema.ZCDBGatherSchema.query(ZCDBGatherSchema.java:129)
ERROR: 17-02-24 08:31:04 	at com.sinosoft.schema.ZCDBGatherSchema.query(ZCDBGatherSchema.java:117)
ERROR: 17-02-24 08:31:04 	at com.sinosoft.datachannel.DBSyncTask$1.run(DBSyncTask.java:33)
ERROR: 17-02-24 08:31:04 Caused by: java.net.SocketException: socket closed
ERROR: 17-02-24 08:31:04 	at java.net.SocketInputStream.socketRead0(SocketInputStream.java)
ERROR: 17-02-24 08:31:04 	at java.net.SocketInputStream.read(SocketInputStream.java:129)
ERROR: 17-02-24 08:31:04 	at com.mysql.jdbc.util.ReadAheadInputStream.fill(ReadAheadInputStream.java:113)
ERROR: 17-02-24 08:31:04 	at com.mysql.jdbc.util.ReadAheadInputStream.readFromUnderlyingStreamIfNecessary(ReadAheadInputStream.java:160)
ERROR: 17-02-24 08:31:04 	at com.mysql.jdbc.util.ReadAheadInputStream.read(ReadAheadInputStream.java:188)
ERROR: 17-02-24 08:31:04 	at com.mysql.jdbc.MysqlIO.readFully(MysqlIO.java:2494)
ERROR: 17-02-24 08:31:04 	at com.mysql.jdbc.MysqlIO.reuseAndReadPacket(MysqlIO.java:2949)
ERROR: 17-02-24 08:31:04 	... 11 more
ERROR: 17-02-24 08:31:04 java.lang.NullPointerException
ERROR: 17-02-24 08:31:04 	at com.sinosoft.datachannel.DBSyncTask$1.run(DBSyncTask.java:34)
INFO: 17-02-24 08:31:04 网站群任务耗时：4359毫秒
INFO: 17-02-24 08:31:04 PublishTask发布任务结束
INFO: 17-02-24 08:31:04 Default.:创建新连接，总数：10
INFO: 17-02-24 08:31:05 4081ms	select distinct CatalogID from ZCArticle where (addtime>=? or modifytime>=?) and status=30	{Thu Feb 23 19:09:04 CST 2017,Thu Feb 23 19:09:04 CST 2017}
INFO: 17-02-24 08:31:05 502ms	select id from BZCArticle where status=30 and backuptime>?	{Thu Feb 23 19:09:04 CST 2017}
INFO: 17-02-24 08:31:05 建立索引共耗时 5413 毫秒.
WARN: 17-02-24 08:31:30 Cron Task is on time ,but its last execution isn't finished!
WARN: 17-02-24 08:31:30 Cron Task is on time ,but its last execution isn't finished!
INFO: 17-02-24 08:31:52 pageSQL:select * from ZDSchedule
INFO: 17-02-24 08:32:00 pageSQL:select * from ZCDBGather
INFO: 17-02-24 08:32:00 开始建立索引D:/IdeaProjects/wj/WebContent/WEB-INF/data/index/keyword/......
INFO: 17-02-24 08:32:00 PublishTask定时发布任务
INFO: 17-02-24 08:32:00 pageSQL:select * from ZCArticle  where publishdate<=? and status =20
INFO: 17-02-24 08:32:00 pageSQL:select * from ZCInnerGather
INFO: 17-02-24 08:32:00 1ms	select 1 from ZDMaxNo where 1=2	{}
INFO: 17-02-24 08:32:00 0ms	select 1 from admin where 1=2	{}
INFO: 17-02-24 08:32:00 pageSQL:select * from ZCInnerDeploy
INFO: 17-02-24 08:32:00 网站群任务耗时：111毫秒
INFO: 17-02-24 08:32:00 294ms	select InnerCode,KeywordSetting from ZCCatalog where KeywordFlag='Y'	{}
INFO: 17-02-24 08:32:01 52ms	select count(*) from zcarticle where catalogid='9444'	{}
INFO: 17-02-24 08:32:02 1044ms	select * from zcarticle where catalogid='9444' limit ?,? 0,100
INFO: 17-02-24 08:32:02 pageSQL:select * from ZCArticle where CatalogID=? and ClusterSource=?
INFO: 17-02-24 08:32:02 pageSQL:select * from ZCArticle where CatalogID=? and ClusterSource=?
INFO: 17-02-24 08:32:02 pageSQL:select * from ZCArticle where CatalogID=? and ClusterSource=?
INFO: 17-02-24 08:32:02 pageSQL:select * from ZCArticle where CatalogID=? and ClusterSource=?
INFO: 17-02-24 08:32:02 pageSQL:select * from ZCArticle where CatalogID=? and ClusterSource=?
INFO: 17-02-24 08:32:02 pageSQL:select * from ZCArticle where CatalogID=? and ClusterSource=?
INFO: 17-02-24 08:32:02 pageSQL:select * from ZCArticle where CatalogID=? and ClusterSource=?
INFO: 17-02-24 08:32:02 24ms	update ZCArticle set ID=?,SiteID=?,CatalogID=?,CatalogInnerCode=?,BranchInnerCode=?,Title=?,SubTitle=?,ShortTitle=?,TitleStyle=?,ShortTitleStyle=?,Author=?,Type=?,Attribute=?,URL=?,RedirectURL=?,Status=?,Summary=?,Content=?,TopFlag=?,TopDate=?,TemplateFlag=?,Template=?,CommentFlag=?,CopyImageFlag=?,OrderFlag=?,ReferName=?,ReferURL=?,Keyword=?,Tag=?,RelativeArticle=?,RecommendArticle=?,ReferType=?,ReferSourceID=?,HitCount=?,StickTime=?,PublishFlag=?,Priority=?,LockUser=?,PublishDate=?,DownlineDate=?,ArchiveDate=?,WorkFlowID=?,IssueID=?,Logo=?,PageTitle=?,ClusterSource=?,ClusterTarget=?,ReferTarget=?,Prop1=?,Prop2=?,Prop3=?,Prop4=?,AddUser=?,AddTime=?,ModifyUser=?,ModifyTime=?,MetaTitle=?,MetaKeywords=?,MetaDescription=?,SourceSign=?,ContentSign=?,FirstPublishDate=?,EveryDayNo=?,RiskType=?,RiskCompany=? where ID=?
INFO: 17-02-24 08:32:02 2ms	update ZCArticle set ID=?,SiteID=?,CatalogID=?,CatalogInnerCode=?,BranchInnerCode=?,Title=?,SubTitle=?,ShortTitle=?,TitleStyle=?,ShortTitleStyle=?,Author=?,Type=?,Attribute=?,URL=?,RedirectURL=?,Status=?,Summary=?,Content=?,TopFlag=?,TopDate=?,TemplateFlag=?,Template=?,CommentFlag=?,CopyImageFlag=?,OrderFlag=?,ReferName=?,ReferURL=?,Keyword=?,Tag=?,RelativeArticle=?,RecommendArticle=?,ReferType=?,ReferSourceID=?,HitCount=?,StickTime=?,PublishFlag=?,Priority=?,LockUser=?,PublishDate=?,DownlineDate=?,ArchiveDate=?,WorkFlowID=?,IssueID=?,Logo=?,PageTitle=?,ClusterSource=?,ClusterTarget=?,ReferTarget=?,Prop1=?,Prop2=?,Prop3=?,Prop4=?,AddUser=?,AddTime=?,ModifyUser=?,ModifyTime=?,MetaTitle=?,MetaKeywords=?,MetaDescription=?,SourceSign=?,ContentSign=?,FirstPublishDate=?,EveryDayNo=?,RiskType=?,RiskCompany=? where ID=?
INFO: 17-02-24 08:32:02 2ms	update ZCArticle set ID=?,SiteID=?,CatalogID=?,CatalogInnerCode=?,BranchInnerCode=?,Title=?,SubTitle=?,ShortTitle=?,TitleStyle=?,ShortTitleStyle=?,Author=?,Type=?,Attribute=?,URL=?,RedirectURL=?,Status=?,Summary=?,Content=?,TopFlag=?,TopDate=?,TemplateFlag=?,Template=?,CommentFlag=?,CopyImageFlag=?,OrderFlag=?,ReferName=?,ReferURL=?,Keyword=?,Tag=?,RelativeArticle=?,RecommendArticle=?,ReferType=?,ReferSourceID=?,HitCount=?,StickTime=?,PublishFlag=?,Priority=?,LockUser=?,PublishDate=?,DownlineDate=?,ArchiveDate=?,WorkFlowID=?,IssueID=?,Logo=?,PageTitle=?,ClusterSource=?,ClusterTarget=?,ReferTarget=?,Prop1=?,Prop2=?,Prop3=?,Prop4=?,AddUser=?,AddTime=?,ModifyUser=?,ModifyTime=?,MetaTitle=?,MetaKeywords=?,MetaDescription=?,SourceSign=?,ContentSign=?,FirstPublishDate=?,EveryDayNo=?,RiskType=?,RiskCompany=? where ID=?
INFO: 17-02-24 08:32:02 3ms	update ZCArticle set ID=?,SiteID=?,CatalogID=?,CatalogInnerCode=?,BranchInnerCode=?,Title=?,SubTitle=?,ShortTitle=?,TitleStyle=?,ShortTitleStyle=?,Author=?,Type=?,Attribute=?,URL=?,RedirectURL=?,Status=?,Summary=?,Content=?,TopFlag=?,TopDate=?,TemplateFlag=?,Template=?,CommentFlag=?,CopyImageFlag=?,OrderFlag=?,ReferName=?,ReferURL=?,Keyword=?,Tag=?,RelativeArticle=?,RecommendArticle=?,ReferType=?,ReferSourceID=?,HitCount=?,StickTime=?,PublishFlag=?,Priority=?,LockUser=?,PublishDate=?,DownlineDate=?,ArchiveDate=?,WorkFlowID=?,IssueID=?,Logo=?,PageTitle=?,ClusterSource=?,ClusterTarget=?,ReferTarget=?,Prop1=?,Prop2=?,Prop3=?,Prop4=?,AddUser=?,AddTime=?,ModifyUser=?,ModifyTime=?,MetaTitle=?,MetaKeywords=?,MetaDescription=?,SourceSign=?,ContentSign=?,FirstPublishDate=?,EveryDayNo=?,RiskType=?,RiskCompany=? where ID=?
INFO: 17-02-24 08:32:02 2ms	update ZCArticle set ID=?,SiteID=?,CatalogID=?,CatalogInnerCode=?,BranchInnerCode=?,Title=?,SubTitle=?,ShortTitle=?,TitleStyle=?,ShortTitleStyle=?,Author=?,Type=?,Attribute=?,URL=?,RedirectURL=?,Status=?,Summary=?,Content=?,TopFlag=?,TopDate=?,TemplateFlag=?,Template=?,CommentFlag=?,CopyImageFlag=?,OrderFlag=?,ReferName=?,ReferURL=?,Keyword=?,Tag=?,RelativeArticle=?,RecommendArticle=?,ReferType=?,ReferSourceID=?,HitCount=?,StickTime=?,PublishFlag=?,Priority=?,LockUser=?,PublishDate=?,DownlineDate=?,ArchiveDate=?,WorkFlowID=?,IssueID=?,Logo=?,PageTitle=?,ClusterSource=?,ClusterTarget=?,ReferTarget=?,Prop1=?,Prop2=?,Prop3=?,Prop4=?,AddUser=?,AddTime=?,ModifyUser=?,ModifyTime=?,MetaTitle=?,MetaKeywords=?,MetaDescription=?,SourceSign=?,ContentSign=?,FirstPublishDate=?,EveryDayNo=?,RiskType=?,RiskCompany=? where ID=?
INFO: 17-02-24 08:32:02 2ms	update ZCArticle set ID=?,SiteID=?,CatalogID=?,CatalogInnerCode=?,BranchInnerCode=?,Title=?,SubTitle=?,ShortTitle=?,TitleStyle=?,ShortTitleStyle=?,Author=?,Type=?,Attribute=?,URL=?,RedirectURL=?,Status=?,Summary=?,Content=?,TopFlag=?,TopDate=?,TemplateFlag=?,Template=?,CommentFlag=?,CopyImageFlag=?,OrderFlag=?,ReferName=?,ReferURL=?,Keyword=?,Tag=?,RelativeArticle=?,RecommendArticle=?,ReferType=?,ReferSourceID=?,HitCount=?,StickTime=?,PublishFlag=?,Priority=?,LockUser=?,PublishDate=?,DownlineDate=?,ArchiveDate=?,WorkFlowID=?,IssueID=?,Logo=?,PageTitle=?,ClusterSource=?,ClusterTarget=?,ReferTarget=?,Prop1=?,Prop2=?,Prop3=?,Prop4=?,AddUser=?,AddTime=?,ModifyUser=?,ModifyTime=?,MetaTitle=?,MetaKeywords=?,MetaDescription=?,SourceSign=?,ContentSign=?,FirstPublishDate=?,EveryDayNo=?,RiskType=?,RiskCompany=? where ID=?
INFO: 17-02-24 08:32:02 1ms	update ZCArticle set ID=?,SiteID=?,CatalogID=?,CatalogInnerCode=?,BranchInnerCode=?,Title=?,SubTitle=?,ShortTitle=?,TitleStyle=?,ShortTitleStyle=?,Author=?,Type=?,Attribute=?,URL=?,RedirectURL=?,Status=?,Summary=?,Content=?,TopFlag=?,TopDate=?,TemplateFlag=?,Template=?,CommentFlag=?,CopyImageFlag=?,OrderFlag=?,ReferName=?,ReferURL=?,Keyword=?,Tag=?,RelativeArticle=?,RecommendArticle=?,ReferType=?,ReferSourceID=?,HitCount=?,StickTime=?,PublishFlag=?,Priority=?,LockUser=?,PublishDate=?,DownlineDate=?,ArchiveDate=?,WorkFlowID=?,IssueID=?,Logo=?,PageTitle=?,ClusterSource=?,ClusterTarget=?,ReferTarget=?,Prop1=?,Prop2=?,Prop3=?,Prop4=?,AddUser=?,AddTime=?,ModifyUser=?,ModifyTime=?,MetaTitle=?,MetaKeywords=?,MetaDescription=?,SourceSign=?,ContentSign=?,FirstPublishDate=?,EveryDayNo=?,RiskType=?,RiskCompany=? where ID=?
INFO: 17-02-24 08:32:02 68ms	update ZCDBGather set ID=?,SiteID=?,Name=?,DatabaseID=?,TableName=?,CatalogID=?,ArticleStatus=?,PathReplacePartOld=?,PathReplacePartNew=?,NewRecordRule=?,SQLCondition=?,Status=?,MappingConfig=?,Memo=?,Prop1=?,Prop2=?,Prop3=?,Prop4=?,AddUser=?,AddTime=?,ModifyUser=?,ModifyTime=? where ID=?
INFO: 17-02-24 08:32:02 数据库采集任务耗时：2419毫秒
INFO: 17-02-24 08:32:04 3221ms	select distinct CatalogID from ZCArticle where (addtime>=? or modifytime>=?) and status=30	{Fri Feb 24 08:31:05 CST 2017,Fri Feb 24 08:31:05 CST 2017}
INFO: 17-02-24 08:32:04 pageSQL:select * from ZCArticle where downlinedate<=? and status=?
INFO: 17-02-24 08:32:04 PublishTask发布任务结束
INFO: 17-02-24 08:32:04 791ms	select id from BZCArticle where status=30 and backuptime>?	{Fri Feb 24 08:31:05 CST 2017}
INFO: 17-02-24 08:32:04 建立索引共耗时 4321 毫秒.
WARN: 17-02-24 08:32:30 Cron Task is on time ,but its last execution isn't finished!
WARN: 17-02-24 08:32:30 Cron Task is on time ,but its last execution isn't finished!
INFO: 17-02-24 08:32:53 pageSQL:select * from ZDSchedule
INFO: 17-02-24 08:33:00 PublishTask定时发布任务
INFO: 17-02-24 08:33:00 pageSQL:select * from ZCArticle  where publishdate<=? and status =20
INFO: 17-02-24 08:33:00 pageSQL:select * from ZCInnerGather
INFO: 17-02-24 08:33:00 开始建立索引D:/IdeaProjects/wj/WebContent/WEB-INF/data/index/keyword/......
INFO: 17-02-24 08:33:00 1ms	select 1 from ZDMaxNo where 1=2	{}
INFO: 17-02-24 08:33:00 正在更新统计信息......
WARN: 17-02-24 08:33:00 没有ID=22的全文检索!
WARN: 17-02-24 08:33:00 没有ID=37的全文检索!
INFO: 17-02-24 08:33:00 pageSQL:select * from ZCDBGather
INFO: 17-02-24 08:33:00 pageSQL:select * from ZCInnerDeploy
INFO: 17-02-24 08:33:00 0ms	update ZCStatItem set Count23=Count23+? where SiteID=? and Period=? and Type=? and SubType=? and Item=?	{}
INFO: 17-02-24 08:33:00 0ms	update ZCStatItem set Count23=Count23+? where SiteID=? and Period=? and Type=? and SubType=? and Item=?	{}
INFO: 17-02-24 08:33:00 0ms	update ZCAdvertisement set HitCount=HitCount+? where ID=?	{}
INFO: 17-02-24 08:33:00 0ms	update ZCArticle set StickTime=(HitCount*StickTime+?*?)/(HitCount+?),HitCount=HitCount+? where ID=?	{}
INFO: 17-02-24 08:33:00 0ms	update ZCImage set StickTime=(HitCount*StickTime+?*?)/(HitCount+?),HitCount=HitCount+? where ID=?	{}
INFO: 17-02-24 08:33:00 0ms	update ZCVideo set StickTime=(HitCount*StickTime+?*?)/(HitCount+?),HitCount=HitCount+? where ID=?	{}
INFO: 17-02-24 08:33:00 0ms	update ZCStatItem set Count23=Count23+? where SiteID=? and Period=? and Type=? and SubType=? and Item=?	{}
INFO: 17-02-24 08:33:00 0ms	update ZCStatItem set Count23=Count23+? where SiteID=? and Period=? and Type=? and SubType=? and Item=?	{}
INFO: 17-02-24 08:33:00 0ms	update ZCStatItem set Count23=Count23+? where SiteID=? and Period=? and Type=? and SubType=? and Item=?	{}
INFO: 17-02-24 08:33:00 0ms	update ZCStatItem set Count23=Count23+? where SiteID=? and Period=? and Type=? and SubType=? and Item=?	{}
INFO: 17-02-24 08:33:00 0ms	update ZCStatItem set Count23=Count23+? where SiteID=? and Period=? and Type=? and SubType=? and Item=?	{}
INFO: 17-02-24 08:33:00 0ms	update ZCStatItem set Count23=Count23+? where SiteID=? and Period=? and Type=? and SubType=? and Item=?	{}
INFO: 17-02-24 08:33:00 更新统计信息耗时 120 毫秒.
INFO: 17-02-24 08:33:00 网站群任务耗时：176毫秒
INFO: 17-02-24 08:33:00 54ms	select count(*) from zcarticle where catalogid='9444'	{}
INFO: 17-02-24 08:33:00 329ms	select InnerCode,KeywordSetting from ZCCatalog where KeywordFlag='Y'	{}
INFO: 17-02-24 08:33:01 774ms	select * from zcarticle where catalogid='9444' limit ?,? 0,100
INFO: 17-02-24 08:33:01 pageSQL:select * from ZCArticle where CatalogID=? and ClusterSource=?
INFO: 17-02-24 08:33:01 pageSQL:select * from ZCArticle where CatalogID=? and ClusterSource=?
INFO: 17-02-24 08:33:01 pageSQL:select * from ZCArticle where CatalogID=? and ClusterSource=?
INFO: 17-02-24 08:33:01 pageSQL:select * from ZCArticle where CatalogID=? and ClusterSource=?
INFO: 17-02-24 08:33:01 pageSQL:select * from ZCArticle where CatalogID=? and ClusterSource=?
INFO: 17-02-24 08:33:01 pageSQL:select * from ZCArticle where CatalogID=? and ClusterSource=?
INFO: 17-02-24 08:33:01 pageSQL:select * from ZCArticle where CatalogID=? and ClusterSource=?
INFO: 17-02-24 08:33:01 33ms	update ZCArticle set ID=?,SiteID=?,CatalogID=?,CatalogInnerCode=?,BranchInnerCode=?,Title=?,SubTitle=?,ShortTitle=?,TitleStyle=?,ShortTitleStyle=?,Author=?,Type=?,Attribute=?,URL=?,RedirectURL=?,Status=?,Summary=?,Content=?,TopFlag=?,TopDate=?,TemplateFlag=?,Template=?,CommentFlag=?,CopyImageFlag=?,OrderFlag=?,ReferName=?,ReferURL=?,Keyword=?,Tag=?,RelativeArticle=?,RecommendArticle=?,ReferType=?,ReferSourceID=?,HitCount=?,StickTime=?,PublishFlag=?,Priority=?,LockUser=?,PublishDate=?,DownlineDate=?,ArchiveDate=?,WorkFlowID=?,IssueID=?,Logo=?,PageTitle=?,ClusterSource=?,ClusterTarget=?,ReferTarget=?,Prop1=?,Prop2=?,Prop3=?,Prop4=?,AddUser=?,AddTime=?,ModifyUser=?,ModifyTime=?,MetaTitle=?,MetaKeywords=?,MetaDescription=?,SourceSign=?,ContentSign=?,FirstPublishDate=?,EveryDayNo=?,RiskType=?,RiskCompany=? where ID=?
INFO: 17-02-24 08:33:01 7ms	update ZCArticle set ID=?,SiteID=?,CatalogID=?,CatalogInnerCode=?,BranchInnerCode=?,Title=?,SubTitle=?,ShortTitle=?,TitleStyle=?,ShortTitleStyle=?,Author=?,Type=?,Attribute=?,URL=?,RedirectURL=?,Status=?,Summary=?,Content=?,TopFlag=?,TopDate=?,TemplateFlag=?,Template=?,CommentFlag=?,CopyImageFlag=?,OrderFlag=?,ReferName=?,ReferURL=?,Keyword=?,Tag=?,RelativeArticle=?,RecommendArticle=?,ReferType=?,ReferSourceID=?,HitCount=?,StickTime=?,PublishFlag=?,Priority=?,LockUser=?,PublishDate=?,DownlineDate=?,ArchiveDate=?,WorkFlowID=?,IssueID=?,Logo=?,PageTitle=?,ClusterSource=?,ClusterTarget=?,ReferTarget=?,Prop1=?,Prop2=?,Prop3=?,Prop4=?,AddUser=?,AddTime=?,ModifyUser=?,ModifyTime=?,MetaTitle=?,MetaKeywords=?,MetaDescription=?,SourceSign=?,ContentSign=?,FirstPublishDate=?,EveryDayNo=?,RiskType=?,RiskCompany=? where ID=?
INFO: 17-02-24 08:33:01 3ms	update ZCArticle set ID=?,SiteID=?,CatalogID=?,CatalogInnerCode=?,BranchInnerCode=?,Title=?,SubTitle=?,ShortTitle=?,TitleStyle=?,ShortTitleStyle=?,Author=?,Type=?,Attribute=?,URL=?,RedirectURL=?,Status=?,Summary=?,Content=?,TopFlag=?,TopDate=?,TemplateFlag=?,Template=?,CommentFlag=?,CopyImageFlag=?,OrderFlag=?,ReferName=?,ReferURL=?,Keyword=?,Tag=?,RelativeArticle=?,RecommendArticle=?,ReferType=?,ReferSourceID=?,HitCount=?,StickTime=?,PublishFlag=?,Priority=?,LockUser=?,PublishDate=?,DownlineDate=?,ArchiveDate=?,WorkFlowID=?,IssueID=?,Logo=?,PageTitle=?,ClusterSource=?,ClusterTarget=?,ReferTarget=?,Prop1=?,Prop2=?,Prop3=?,Prop4=?,AddUser=?,AddTime=?,ModifyUser=?,ModifyTime=?,MetaTitle=?,MetaKeywords=?,MetaDescription=?,SourceSign=?,ContentSign=?,FirstPublishDate=?,EveryDayNo=?,RiskType=?,RiskCompany=? where ID=?
INFO: 17-02-24 08:33:01 4ms	update ZCArticle set ID=?,SiteID=?,CatalogID=?,CatalogInnerCode=?,BranchInnerCode=?,Title=?,SubTitle=?,ShortTitle=?,TitleStyle=?,ShortTitleStyle=?,Author=?,Type=?,Attribute=?,URL=?,RedirectURL=?,Status=?,Summary=?,Content=?,TopFlag=?,TopDate=?,TemplateFlag=?,Template=?,CommentFlag=?,CopyImageFlag=?,OrderFlag=?,ReferName=?,ReferURL=?,Keyword=?,Tag=?,RelativeArticle=?,RecommendArticle=?,ReferType=?,ReferSourceID=?,HitCount=?,StickTime=?,PublishFlag=?,Priority=?,LockUser=?,PublishDate=?,DownlineDate=?,ArchiveDate=?,WorkFlowID=?,IssueID=?,Logo=?,PageTitle=?,ClusterSource=?,ClusterTarget=?,ReferTarget=?,Prop1=?,Prop2=?,Prop3=?,Prop4=?,AddUser=?,AddTime=?,ModifyUser=?,ModifyTime=?,MetaTitle=?,MetaKeywords=?,MetaDescription=?,SourceSign=?,ContentSign=?,FirstPublishDate=?,EveryDayNo=?,RiskType=?,RiskCompany=? where ID=?
INFO: 17-02-24 08:33:01 3ms	update ZCArticle set ID=?,SiteID=?,CatalogID=?,CatalogInnerCode=?,BranchInnerCode=?,Title=?,SubTitle=?,ShortTitle=?,TitleStyle=?,ShortTitleStyle=?,Author=?,Type=?,Attribute=?,URL=?,RedirectURL=?,Status=?,Summary=?,Content=?,TopFlag=?,TopDate=?,TemplateFlag=?,Template=?,CommentFlag=?,CopyImageFlag=?,OrderFlag=?,ReferName=?,ReferURL=?,Keyword=?,Tag=?,RelativeArticle=?,RecommendArticle=?,ReferType=?,ReferSourceID=?,HitCount=?,StickTime=?,PublishFlag=?,Priority=?,LockUser=?,PublishDate=?,DownlineDate=?,ArchiveDate=?,WorkFlowID=?,IssueID=?,Logo=?,PageTitle=?,ClusterSource=?,ClusterTarget=?,ReferTarget=?,Prop1=?,Prop2=?,Prop3=?,Prop4=?,AddUser=?,AddTime=?,ModifyUser=?,ModifyTime=?,MetaTitle=?,MetaKeywords=?,MetaDescription=?,SourceSign=?,ContentSign=?,FirstPublishDate=?,EveryDayNo=?,RiskType=?,RiskCompany=? where ID=?
INFO: 17-02-24 08:33:01 3ms	update ZCArticle set ID=?,SiteID=?,CatalogID=?,CatalogInnerCode=?,BranchInnerCode=?,Title=?,SubTitle=?,ShortTitle=?,TitleStyle=?,ShortTitleStyle=?,Author=?,Type=?,Attribute=?,URL=?,RedirectURL=?,Status=?,Summary=?,Content=?,TopFlag=?,TopDate=?,TemplateFlag=?,Template=?,CommentFlag=?,CopyImageFlag=?,OrderFlag=?,ReferName=?,ReferURL=?,Keyword=?,Tag=?,RelativeArticle=?,RecommendArticle=?,ReferType=?,ReferSourceID=?,HitCount=?,StickTime=?,PublishFlag=?,Priority=?,LockUser=?,PublishDate=?,DownlineDate=?,ArchiveDate=?,WorkFlowID=?,IssueID=?,Logo=?,PageTitle=?,ClusterSource=?,ClusterTarget=?,ReferTarget=?,Prop1=?,Prop2=?,Prop3=?,Prop4=?,AddUser=?,AddTime=?,ModifyUser=?,ModifyTime=?,MetaTitle=?,MetaKeywords=?,MetaDescription=?,SourceSign=?,ContentSign=?,FirstPublishDate=?,EveryDayNo=?,RiskType=?,RiskCompany=? where ID=?
INFO: 17-02-24 08:33:01 3ms	update ZCArticle set ID=?,SiteID=?,CatalogID=?,CatalogInnerCode=?,BranchInnerCode=?,Title=?,SubTitle=?,ShortTitle=?,TitleStyle=?,ShortTitleStyle=?,Author=?,Type=?,Attribute=?,URL=?,RedirectURL=?,Status=?,Summary=?,Content=?,TopFlag=?,TopDate=?,TemplateFlag=?,Template=?,CommentFlag=?,CopyImageFlag=?,OrderFlag=?,ReferName=?,ReferURL=?,Keyword=?,Tag=?,RelativeArticle=?,RecommendArticle=?,ReferType=?,ReferSourceID=?,HitCount=?,StickTime=?,PublishFlag=?,Priority=?,LockUser=?,PublishDate=?,DownlineDate=?,ArchiveDate=?,WorkFlowID=?,IssueID=?,Logo=?,PageTitle=?,ClusterSource=?,ClusterTarget=?,ReferTarget=?,Prop1=?,Prop2=?,Prop3=?,Prop4=?,AddUser=?,AddTime=?,ModifyUser=?,ModifyTime=?,MetaTitle=?,MetaKeywords=?,MetaDescription=?,SourceSign=?,ContentSign=?,FirstPublishDate=?,EveryDayNo=?,RiskType=?,RiskCompany=? where ID=?
INFO: 17-02-24 08:33:02 67ms	update ZCDBGather set ID=?,SiteID=?,Name=?,DatabaseID=?,TableName=?,CatalogID=?,ArticleStatus=?,PathReplacePartOld=?,PathReplacePartNew=?,NewRecordRule=?,SQLCondition=?,Status=?,MappingConfig=?,Memo=?,Prop1=?,Prop2=?,Prop3=?,Prop4=?,AddUser=?,AddTime=?,ModifyUser=?,ModifyTime=? where ID=?
INFO: 17-02-24 08:33:02 数据库采集任务耗时：1649毫秒
INFO: 17-02-24 08:33:04 3646ms	select distinct CatalogID from ZCArticle where (addtime>=? or modifytime>=?) and status=30	{Fri Feb 24 08:32:04 CST 2017,Fri Feb 24 08:32:04 CST 2017}
INFO: 17-02-24 08:33:06 pageSQL:select * from ZCArticle where downlinedate<=? and status=?
INFO: 17-02-24 08:33:06 PublishTask发布任务结束
INFO: 17-02-24 08:33:06 2298ms	select id from BZCArticle where status=30 and backuptime>?	{Fri Feb 24 08:32:04 CST 2017}
INFO: 17-02-24 08:33:06 建立索引共耗时 6280 毫秒.
