INFO: 17-01-03 14:53:51 ----CMS(中科软科技股份有限公司): Config Initialized----
WARN: 17-01-03 14:53:52 ----Default.成功初始化10个连接
INFO: 17-01-03 14:53:52 1041ms	select type,value from zdconfig	{}
INFO: 17-01-03 14:53:55 ----CMS(中科软科技股份有限公司): CronManager Initialized----
INFO: 17-01-03 14:53:55 com.sinosoft.framework started!
INFO: 17-01-03 14:53:56 pageSQL:select * from ZDSchedule
INFO: 17-01-03 14:53:57 30ms	select type code,value from zdconfig	{}
INFO: 17-01-03 14:53:57 com.sinosoft.platform started!
INFO: 17-01-03 14:53:57 pageSQL:select * from ZDCode
INFO: 17-01-03 14:53:57 ----CMS(中科软科技股份有限公司): Clustering Initialized----
INFO: 17-01-03 14:53:58 Root WebApplicationContext: initialization started
INFO: 17-01-03 14:53:58 Refreshing org.springframework.web.context.support.XmlWebApplicationContext@31900174: display name [Root WebApplicationContext]; startup date [Tue Jan 03 14:53:58 CST 2017]; root of context hierarchy
INFO: 17-01-03 14:53:59 Loading XML bean definitions from file [D:\IdeaProjects\wj\WebContent\WEB-INF\classes\applicationContext-dubbo-consumer.xml]
INFO: 17-01-03 14:54:00 using logger: com.alibaba.dubbo.common.logger.log4j.Log4jLoggerAdapter
INFO: 17-01-03 14:54:01 Loading XML bean definitions from file [D:\IdeaProjects\wj\WebContent\WEB-INF\classes\applicationContext-security.xml]
INFO: 17-01-03 14:54:01 Loading XML bean definitions from file [D:\IdeaProjects\wj\WebContent\WEB-INF\classes\applicationContext.xml]
INFO: 17-01-03 14:54:13 Loading XML bean definitions from class path resource [resources/spring-jms.xml]
WARN: 17-01-03 14:54:25 Ignored XML validation warning
org.xml.sax.SAXParseException: schema_reference.4: Failed to read schema document 'http://www.springframework.org/schema/beans/spring-beans-3.0.xsd', because 1) could not find the document; 2) the document could not be read; 3) the root element of the document is not <xsd:schema>.
	at org.apache.xerces.util.ErrorHandlerWrapper.createSAXParseException(Unknown Source)
	at org.apache.xerces.util.ErrorHandlerWrapper.warning(Unknown Source)
	at org.apache.xerces.impl.XMLErrorReporter.reportError(Unknown Source)
	at org.apache.xerces.impl.XMLErrorReporter.reportError(Unknown Source)
	at org.apache.xerces.impl.XMLErrorReporter.reportError(Unknown Source)
	at org.apache.xerces.impl.xs.traversers.XSDHandler.reportSchemaWarning(Unknown Source)
	at org.apache.xerces.impl.xs.traversers.XSDHandler.getSchemaDocument(Unknown Source)
	at org.apache.xerces.impl.xs.traversers.XSDHandler.parseSchema(Unknown Source)
	at org.apache.xerces.impl.xs.XMLSchemaLoader.loadSchema(Unknown Source)
	at org.apache.xerces.impl.xs.XMLSchemaValidator.findSchemaGrammar(Unknown Source)
	at org.apache.xerces.impl.xs.XMLSchemaValidator.handleStartElement(Unknown Source)
	at org.apache.xerces.impl.xs.XMLSchemaValidator.startElement(Unknown Source)
	at org.apache.xerces.impl.XMLNSDocumentScannerImpl.scanStartElement(Unknown Source)
	at org.apache.xerces.impl.XMLNSDocumentScannerImpl$NSContentDispatcher.scanRootElementHook(Unknown Source)
	at org.apache.xerces.impl.XMLDocumentFragmentScannerImpl$FragmentContentDispatcher.dispatch(Unknown Source)
	at org.apache.xerces.impl.XMLDocumentFragmentScannerImpl.scanDocument(Unknown Source)
	at org.apache.xerces.parsers.XML11Configuration.parse(Unknown Source)
	at org.apache.xerces.parsers.XML11Configuration.parse(Unknown Source)
	at org.apache.xerces.parsers.XMLParser.parse(Unknown Source)
	at org.apache.xerces.parsers.DOMParser.parse(Unknown Source)
	at org.apache.xerces.jaxp.DocumentBuilderImpl.parse(Unknown Source)
	at org.springframework.beans.factory.xml.DefaultDocumentLoader.loadDocument(DefaultDocumentLoader.java:75)
	at org.springframework.beans.factory.xml.XmlBeanDefinitionReader.doLoadBeanDefinitions(XmlBeanDefinitionReader.java:396)
	at org.springframework.beans.factory.xml.XmlBeanDefinitionReader.loadBeanDefinitions(XmlBeanDefinitionReader.java:342)
	at org.springframework.beans.factory.xml.XmlBeanDefinitionReader.loadBeanDefinitions(XmlBeanDefinitionReader.java:310)
	at org.springframework.beans.factory.support.AbstractBeanDefinitionReader.loadBeanDefinitions(AbstractBeanDefinitionReader.java:143)
	at org.springframework.beans.factory.support.AbstractBeanDefinitionReader.loadBeanDefinitions(AbstractBeanDefinitionReader.java:178)
	at org.springframework.beans.factory.support.AbstractBeanDefinitionReader.loadBeanDefinitions(AbstractBeanDefinitionReader.java:149)
	at org.springframework.web.context.support.XmlWebApplicationContext.loadBeanDefinitions(XmlWebApplicationContext.java:124)
	at org.springframework.web.context.support.XmlWebApplicationContext.loadBeanDefinitions(XmlWebApplicationContext.java:92)
	at org.springframework.context.support.AbstractRefreshableApplicationContext.__refreshBeanFactory(AbstractRefreshableApplicationContext.java:123)
	at org.springframework.context.support.AbstractRefreshableApplicationContext.refreshBeanFactory(AbstractRefreshableApplicationContext.java)
	at org.springframework.context.support.AbstractApplicationContext.obtainFreshBeanFactory(AbstractApplicationContext.java:422)
	at org.springframework.context.support.AbstractApplicationContext.__refresh(AbstractApplicationContext.java:352)
	at org.springframework.context.support.AbstractApplicationContext.refresh(AbstractApplicationContext.java)
	at org.springframework.web.context.ContextLoader.createWebApplicationContext(ContextLoader.java:255)
	at org.springframework.web.context.ContextLoader.initWebApplicationContext(ContextLoader.java:199)
	at org.springframework.web.context.ContextLoaderListener.contextInitialized(ContextLoaderListener.java:45)
	at org.apache.catalina.core.StandardContext.listenerStart(StandardContext.java:4210)
	at org.apache.catalina.core.StandardContext.start(StandardContext.java:4709)
	at org.apache.catalina.core.ContainerBase.addChildInternal(ContainerBase.java:799)
	at org.apache.catalina.core.ContainerBase.addChild(ContainerBase.java:779)
	at org.apache.catalina.core.StandardHost.addChild(StandardHost.java:583)
	at org.apache.catalina.startup.HostConfig.manageApp(HostConfig.java:1429)
	at sun.reflect.GeneratedMethodAccessor104.invoke(Unknown Source)
	at java.lang.reflect.Method.invoke(Method.java:597)
	at org.apache.tomcat.util.modeler.BaseModelMBean.invoke(BaseModelMBean.java:297)
	at com.sun.jmx.interceptor.DefaultMBeanServerInterceptor.invoke(DefaultMBeanServerInterceptor.java:836)
	at com.sun.jmx.mbeanserver.JmxMBeanServer.invoke(JmxMBeanServer.java:762)
	at org.apache.catalina.mbeans.MBeanFactory.createStandardContext(MBeanFactory.java:631)
	at org.apache.catalina.mbeans.MBeanFactory.createStandardContext(MBeanFactory.java:568)
	at sun.reflect.GeneratedMethodAccessor101.invoke(Unknown Source)
	at java.lang.reflect.Method.invoke(Method.java:597)
	at org.apache.tomcat.util.modeler.BaseModelMBean.invoke(BaseModelMBean.java:295)
	at com.sun.jmx.interceptor.DefaultMBeanServerInterceptor.invoke(DefaultMBeanServerInterceptor.java:836)
	at com.sun.jmx.mbeanserver.JmxMBeanServer.invoke(JmxMBeanServer.java:762)
	at javax.management.remote.rmi.RMIConnectionImpl.doOperation(RMIConnectionImpl.java:1454)
	at javax.management.remote.rmi.RMIConnectionImpl.access$300(RMIConnectionImpl.java:74)
	at javax.management.remote.rmi.RMIConnectionImpl$PrivilegedOperation.run(RMIConnectionImpl.java:1295)
	at javax.management.remote.rmi.RMIConnectionImpl.doPrivilegedOperation(RMIConnectionImpl.java:1387)
	at javax.management.remote.rmi.RMIConnectionImpl.invoke(RMIConnectionImpl.java:818)
	at sun.reflect.GeneratedMethodAccessor100.invoke(Unknown Source)
	at java.lang.reflect.Method.invoke(Method.java:597)
	at sun.rmi.server.UnicastServerRef.dispatch(UnicastServerRef.java:303)
	at sun.rmi.transport.Transport$1.run(Transport.java:159)
	at java.security.AccessController.doPrivileged(Native Method)
	at sun.rmi.transport.Transport.serviceCall(Transport.java:155)
	at sun.rmi.transport.tcp.TCPTransport.handleMessages(TCPTransport.java:535)
	at sun.rmi.transport.tcp.TCPTransport$ConnectionHandler.run0(TCPTransport.java:790)
	at sun.rmi.transport.tcp.TCPTransport$ConnectionHandler.run(TCPTransport.java:649)
	at java.util.concurrent.ThreadPoolExecutor$Worker.runTask(ThreadPoolExecutor.java:895)
	at java.util.concurrent.ThreadPoolExecutor$Worker.run(ThreadPoolExecutor.java:918)
	at java.lang.Thread.run(Thread.java:662)
ERROR: 17-01-03 14:54:25 Context initialization failed
org.springframework.beans.factory.xml.XmlBeanDefinitionStoreException: Line 14 in XML document from class path resource [resources/spring-jms.xml] is invalid; nested exception is org.xml.sax.SAXParseException: cvc-elt.1: Cannot find the declaration of element 'beans'.
	at org.springframework.beans.factory.xml.XmlBeanDefinitionReader.doLoadBeanDefinitions(XmlBeanDefinitionReader.java:404)
	at org.springframework.beans.factory.xml.XmlBeanDefinitionReader.loadBeanDefinitions(XmlBeanDefinitionReader.java:342)
	at org.springframework.beans.factory.xml.XmlBeanDefinitionReader.loadBeanDefinitions(XmlBeanDefinitionReader.java:310)
	at org.springframework.beans.factory.support.AbstractBeanDefinitionReader.loadBeanDefinitions(AbstractBeanDefinitionReader.java:143)
	at org.springframework.beans.factory.support.AbstractBeanDefinitionReader.loadBeanDefinitions(AbstractBeanDefinitionReader.java:178)
	at org.springframework.beans.factory.support.AbstractBeanDefinitionReader.loadBeanDefinitions(AbstractBeanDefinitionReader.java:149)
	at org.springframework.web.context.support.XmlWebApplicationContext.loadBeanDefinitions(XmlWebApplicationContext.java:124)
	at org.springframework.web.context.support.XmlWebApplicationContext.loadBeanDefinitions(XmlWebApplicationContext.java:92)
	at org.springframework.context.support.AbstractRefreshableApplicationContext.__refreshBeanFactory(AbstractRefreshableApplicationContext.java:123)
	at org.springframework.context.support.AbstractRefreshableApplicationContext.refreshBeanFactory(AbstractRefreshableApplicationContext.java)
	at org.springframework.context.support.AbstractApplicationContext.obtainFreshBeanFactory(AbstractApplicationContext.java:422)
	at org.springframework.context.support.AbstractApplicationContext.__refresh(AbstractApplicationContext.java:352)
	at org.springframework.context.support.AbstractApplicationContext.refresh(AbstractApplicationContext.java)
	at org.springframework.web.context.ContextLoader.createWebApplicationContext(ContextLoader.java:255)
	at org.springframework.web.context.ContextLoader.initWebApplicationContext(ContextLoader.java:199)
	at org.springframework.web.context.ContextLoaderListener.contextInitialized(ContextLoaderListener.java:45)
	at org.apache.catalina.core.StandardContext.listenerStart(StandardContext.java:4210)
	at org.apache.catalina.core.StandardContext.start(StandardContext.java:4709)
	at org.apache.catalina.core.ContainerBase.addChildInternal(ContainerBase.java:799)
	at org.apache.catalina.core.ContainerBase.addChild(ContainerBase.java:779)
	at org.apache.catalina.core.StandardHost.addChild(StandardHost.java:583)
	at org.apache.catalina.startup.HostConfig.manageApp(HostConfig.java:1429)
	at sun.reflect.GeneratedMethodAccessor104.invoke(Unknown Source)
	at java.lang.reflect.Method.invoke(Method.java:597)
	at org.apache.tomcat.util.modeler.BaseModelMBean.invoke(BaseModelMBean.java:297)
	at com.sun.jmx.interceptor.DefaultMBeanServerInterceptor.invoke(DefaultMBeanServerInterceptor.java:836)
	at com.sun.jmx.mbeanserver.JmxMBeanServer.invoke(JmxMBeanServer.java:762)
	at org.apache.catalina.mbeans.MBeanFactory.createStandardContext(MBeanFactory.java:631)
	at org.apache.catalina.mbeans.MBeanFactory.createStandardContext(MBeanFactory.java:568)
	at sun.reflect.GeneratedMethodAccessor101.invoke(Unknown Source)
	at java.lang.reflect.Method.invoke(Method.java:597)
	at org.apache.tomcat.util.modeler.BaseModelMBean.invoke(BaseModelMBean.java:295)
	at com.sun.jmx.interceptor.DefaultMBeanServerInterceptor.invoke(DefaultMBeanServerInterceptor.java:836)
	at com.sun.jmx.mbeanserver.JmxMBeanServer.invoke(JmxMBeanServer.java:762)
	at javax.management.remote.rmi.RMIConnectionImpl.doOperation(RMIConnectionImpl.java:1454)
	at javax.management.remote.rmi.RMIConnectionImpl.access$300(RMIConnectionImpl.java:74)
	at javax.management.remote.rmi.RMIConnectionImpl$PrivilegedOperation.run(RMIConnectionImpl.java:1295)
	at javax.management.remote.rmi.RMIConnectionImpl.doPrivilegedOperation(RMIConnectionImpl.java:1387)
	at javax.management.remote.rmi.RMIConnectionImpl.invoke(RMIConnectionImpl.java:818)
	at sun.reflect.GeneratedMethodAccessor100.invoke(Unknown Source)
	at java.lang.reflect.Method.invoke(Method.java:597)
	at sun.rmi.server.UnicastServerRef.dispatch(UnicastServerRef.java:303)
	at sun.rmi.transport.Transport$1.run(Transport.java:159)
	at java.security.AccessController.doPrivileged(Native Method)
	at sun.rmi.transport.Transport.serviceCall(Transport.java:155)
	at sun.rmi.transport.tcp.TCPTransport.handleMessages(TCPTransport.java:535)
	at sun.rmi.transport.tcp.TCPTransport$ConnectionHandler.run0(TCPTransport.java:790)
	at sun.rmi.transport.tcp.TCPTransport$ConnectionHandler.run(TCPTransport.java:649)
	at java.util.concurrent.ThreadPoolExecutor$Worker.runTask(ThreadPoolExecutor.java:895)
	at java.util.concurrent.ThreadPoolExecutor$Worker.run(ThreadPoolExecutor.java:918)
	at java.lang.Thread.run(Thread.java:662)
Caused by: org.xml.sax.SAXParseException: cvc-elt.1: Cannot find the declaration of element 'beans'.
	at org.apache.xerces.util.ErrorHandlerWrapper.createSAXParseException(Unknown Source)
	at org.apache.xerces.util.ErrorHandlerWrapper.error(Unknown Source)
	at org.apache.xerces.impl.XMLErrorReporter.reportError(Unknown Source)
	at org.apache.xerces.impl.XMLErrorReporter.reportError(Unknown Source)
	at org.apache.xerces.impl.XMLErrorReporter.reportError(Unknown Source)
	at org.apache.xerces.impl.xs.XMLSchemaValidator.handleStartElement(Unknown Source)
	at org.apache.xerces.impl.xs.XMLSchemaValidator.startElement(Unknown Source)
	at org.apache.xerces.impl.XMLNSDocumentScannerImpl.scanStartElement(Unknown Source)
	at org.apache.xerces.impl.XMLNSDocumentScannerImpl$NSContentDispatcher.scanRootElementHook(Unknown Source)
	at org.apache.xerces.impl.XMLDocumentFragmentScannerImpl$FragmentContentDispatcher.dispatch(Unknown Source)
	at org.apache.xerces.impl.XMLDocumentFragmentScannerImpl.scanDocument(Unknown Source)
	at org.apache.xerces.parsers.XML11Configuration.parse(Unknown Source)
	at org.apache.xerces.parsers.XML11Configuration.parse(Unknown Source)
	at org.apache.xerces.parsers.XMLParser.parse(Unknown Source)
	at org.apache.xerces.parsers.DOMParser.parse(Unknown Source)
	at org.apache.xerces.jaxp.DocumentBuilderImpl.parse(Unknown Source)
	at org.springframework.beans.factory.xml.DefaultDocumentLoader.loadDocument(DefaultDocumentLoader.java:75)
	at org.springframework.beans.factory.xml.XmlBeanDefinitionReader.doLoadBeanDefinitions(XmlBeanDefinitionReader.java:396)
	... 50 more
INFO: 17-01-03 14:54:25 服务器结束接口文件http://120.55.73.0:8081/product/services/FDInsComService
INFO: 17-01-03 14:55:48 ----CMS(中科软科技股份有限公司): Config Initialized----
WARN: 17-01-03 14:55:48 ----Default.成功初始化10个连接
INFO: 17-01-03 14:55:48 535ms	select type,value from zdconfig	{}
INFO: 17-01-03 14:55:49 ----CMS(中科软科技股份有限公司): CronManager Initialized----
INFO: 17-01-03 14:55:49 com.sinosoft.framework started!
INFO: 17-01-03 14:55:49 9ms	select type code,value from zdconfig	{}
INFO: 17-01-03 14:55:49 com.sinosoft.platform started!
INFO: 17-01-03 14:55:49 pageSQL:select * from ZDCode
INFO: 17-01-03 14:55:49 pageSQL:select * from ZDSchedule
INFO: 17-01-03 14:55:50 Root WebApplicationContext: initialization started
INFO: 17-01-03 14:55:50 Refreshing org.springframework.web.context.support.XmlWebApplicationContext@691ba57a: display name [Root WebApplicationContext]; startup date [Tue Jan 03 14:55:50 CST 2017]; root of context hierarchy
INFO: 17-01-03 14:55:50 Loading XML bean definitions from file [D:\IdeaProjects\wj\WebContent\WEB-INF\classes\applicationContext-dubbo-consumer.xml]
INFO: 17-01-03 14:55:50 ----CMS(中科软科技股份有限公司): Clustering Initialized----
INFO: 17-01-03 14:55:51 using logger: com.alibaba.dubbo.common.logger.log4j.Log4jLoggerAdapter
INFO: 17-01-03 14:55:51 Loading XML bean definitions from file [D:\IdeaProjects\wj\WebContent\WEB-INF\classes\applicationContext-security.xml]
INFO: 17-01-03 14:55:51 Loading XML bean definitions from file [D:\IdeaProjects\wj\WebContent\WEB-INF\classes\applicationContext.xml]
INFO: 17-01-03 14:55:53 Loading XML bean definitions from class path resource [resources/spring-jms.xml]
WARN: 17-01-03 14:56:05 Ignored XML validation warning
org.xml.sax.SAXParseException: schema_reference.4: Failed to read schema document 'http://www.springframework.org/schema/beans/spring-beans-3.0.xsd', because 1) could not find the document; 2) the document could not be read; 3) the root element of the document is not <xsd:schema>.
	at org.apache.xerces.util.ErrorHandlerWrapper.createSAXParseException(Unknown Source)
	at org.apache.xerces.util.ErrorHandlerWrapper.warning(Unknown Source)
	at org.apache.xerces.impl.XMLErrorReporter.reportError(Unknown Source)
	at org.apache.xerces.impl.XMLErrorReporter.reportError(Unknown Source)
	at org.apache.xerces.impl.XMLErrorReporter.reportError(Unknown Source)
	at org.apache.xerces.impl.xs.traversers.XSDHandler.reportSchemaWarning(Unknown Source)
	at org.apache.xerces.impl.xs.traversers.XSDHandler.getSchemaDocument(Unknown Source)
	at org.apache.xerces.impl.xs.traversers.XSDHandler.parseSchema(Unknown Source)
	at org.apache.xerces.impl.xs.XMLSchemaLoader.loadSchema(Unknown Source)
	at org.apache.xerces.impl.xs.XMLSchemaValidator.findSchemaGrammar(Unknown Source)
	at org.apache.xerces.impl.xs.XMLSchemaValidator.handleStartElement(Unknown Source)
	at org.apache.xerces.impl.xs.XMLSchemaValidator.startElement(Unknown Source)
	at org.apache.xerces.impl.XMLNSDocumentScannerImpl.scanStartElement(Unknown Source)
	at org.apache.xerces.impl.XMLNSDocumentScannerImpl$NSContentDispatcher.scanRootElementHook(Unknown Source)
	at org.apache.xerces.impl.XMLDocumentFragmentScannerImpl$FragmentContentDispatcher.dispatch(Unknown Source)
	at org.apache.xerces.impl.XMLDocumentFragmentScannerImpl.scanDocument(Unknown Source)
	at org.apache.xerces.parsers.XML11Configuration.parse(Unknown Source)
	at org.apache.xerces.parsers.XML11Configuration.parse(Unknown Source)
	at org.apache.xerces.parsers.XMLParser.parse(Unknown Source)
	at org.apache.xerces.parsers.DOMParser.parse(Unknown Source)
	at org.apache.xerces.jaxp.DocumentBuilderImpl.parse(Unknown Source)
	at org.springframework.beans.factory.xml.DefaultDocumentLoader.loadDocument(DefaultDocumentLoader.java:75)
	at org.springframework.beans.factory.xml.XmlBeanDefinitionReader.doLoadBeanDefinitions(XmlBeanDefinitionReader.java:396)
	at org.springframework.beans.factory.xml.XmlBeanDefinitionReader.loadBeanDefinitions(XmlBeanDefinitionReader.java:342)
	at org.springframework.beans.factory.xml.XmlBeanDefinitionReader.loadBeanDefinitions(XmlBeanDefinitionReader.java:310)
	at org.springframework.beans.factory.support.AbstractBeanDefinitionReader.loadBeanDefinitions(AbstractBeanDefinitionReader.java:143)
	at org.springframework.beans.factory.support.AbstractBeanDefinitionReader.loadBeanDefinitions(AbstractBeanDefinitionReader.java:178)
	at org.springframework.beans.factory.support.AbstractBeanDefinitionReader.loadBeanDefinitions(AbstractBeanDefinitionReader.java:149)
	at org.springframework.web.context.support.XmlWebApplicationContext.loadBeanDefinitions(XmlWebApplicationContext.java:124)
	at org.springframework.web.context.support.XmlWebApplicationContext.loadBeanDefinitions(XmlWebApplicationContext.java:92)
	at org.springframework.context.support.AbstractRefreshableApplicationContext.__refreshBeanFactory(AbstractRefreshableApplicationContext.java:123)
	at org.springframework.context.support.AbstractRefreshableApplicationContext.refreshBeanFactory(AbstractRefreshableApplicationContext.java)
	at org.springframework.context.support.AbstractApplicationContext.obtainFreshBeanFactory(AbstractApplicationContext.java:422)
	at org.springframework.context.support.AbstractApplicationContext.__refresh(AbstractApplicationContext.java:352)
	at org.springframework.context.support.AbstractApplicationContext.refresh(AbstractApplicationContext.java)
	at org.springframework.web.context.ContextLoader.createWebApplicationContext(ContextLoader.java:255)
	at org.springframework.web.context.ContextLoader.initWebApplicationContext(ContextLoader.java:199)
	at org.springframework.web.context.ContextLoaderListener.contextInitialized(ContextLoaderListener.java:45)
	at org.apache.catalina.core.StandardContext.listenerStart(StandardContext.java:4210)
	at org.apache.catalina.core.StandardContext.start(StandardContext.java:4709)
	at org.apache.catalina.core.ContainerBase.addChildInternal(ContainerBase.java:799)
	at org.apache.catalina.core.ContainerBase.addChild(ContainerBase.java:779)
	at org.apache.catalina.core.StandardHost.addChild(StandardHost.java:583)
	at org.apache.catalina.startup.HostConfig.manageApp(HostConfig.java:1429)
	at sun.reflect.GeneratedMethodAccessor104.invoke(Unknown Source)
	at java.lang.reflect.Method.invoke(Method.java:597)
	at org.apache.tomcat.util.modeler.BaseModelMBean.invoke(BaseModelMBean.java:297)
	at com.sun.jmx.interceptor.DefaultMBeanServerInterceptor.invoke(DefaultMBeanServerInterceptor.java:836)
	at com.sun.jmx.mbeanserver.JmxMBeanServer.invoke(JmxMBeanServer.java:762)
	at org.apache.catalina.mbeans.MBeanFactory.createStandardContext(MBeanFactory.java:631)
	at org.apache.catalina.mbeans.MBeanFactory.createStandardContext(MBeanFactory.java:568)
	at sun.reflect.GeneratedMethodAccessor101.invoke(Unknown Source)
	at java.lang.reflect.Method.invoke(Method.java:597)
	at org.apache.tomcat.util.modeler.BaseModelMBean.invoke(BaseModelMBean.java:295)
	at com.sun.jmx.interceptor.DefaultMBeanServerInterceptor.invoke(DefaultMBeanServerInterceptor.java:836)
	at com.sun.jmx.mbeanserver.JmxMBeanServer.invoke(JmxMBeanServer.java:762)
	at javax.management.remote.rmi.RMIConnectionImpl.doOperation(RMIConnectionImpl.java:1454)
	at javax.management.remote.rmi.RMIConnectionImpl.access$300(RMIConnectionImpl.java:74)
	at javax.management.remote.rmi.RMIConnectionImpl$PrivilegedOperation.run(RMIConnectionImpl.java:1295)
	at javax.management.remote.rmi.RMIConnectionImpl.doPrivilegedOperation(RMIConnectionImpl.java:1387)
	at javax.management.remote.rmi.RMIConnectionImpl.invoke(RMIConnectionImpl.java:818)
	at sun.reflect.GeneratedMethodAccessor100.invoke(Unknown Source)
	at java.lang.reflect.Method.invoke(Method.java:597)
	at sun.rmi.server.UnicastServerRef.dispatch(UnicastServerRef.java:303)
	at sun.rmi.transport.Transport$1.run(Transport.java:159)
	at java.security.AccessController.doPrivileged(Native Method)
	at sun.rmi.transport.Transport.serviceCall(Transport.java:155)
	at sun.rmi.transport.tcp.TCPTransport.handleMessages(TCPTransport.java:535)
	at sun.rmi.transport.tcp.TCPTransport$ConnectionHandler.run0(TCPTransport.java:790)
	at sun.rmi.transport.tcp.TCPTransport$ConnectionHandler.run(TCPTransport.java:649)
	at java.util.concurrent.ThreadPoolExecutor$Worker.runTask(ThreadPoolExecutor.java:895)
	at java.util.concurrent.ThreadPoolExecutor$Worker.run(ThreadPoolExecutor.java:918)
	at java.lang.Thread.run(Thread.java:662)
ERROR: 17-01-03 14:56:05 Context initialization failed
org.springframework.beans.factory.xml.XmlBeanDefinitionStoreException: Line 14 in XML document from class path resource [resources/spring-jms.xml] is invalid; nested exception is org.xml.sax.SAXParseException: cvc-elt.1: Cannot find the declaration of element 'beans'.
	at org.springframework.beans.factory.xml.XmlBeanDefinitionReader.doLoadBeanDefinitions(XmlBeanDefinitionReader.java:404)
	at org.springframework.beans.factory.xml.XmlBeanDefinitionReader.loadBeanDefinitions(XmlBeanDefinitionReader.java:342)
	at org.springframework.beans.factory.xml.XmlBeanDefinitionReader.loadBeanDefinitions(XmlBeanDefinitionReader.java:310)
	at org.springframework.beans.factory.support.AbstractBeanDefinitionReader.loadBeanDefinitions(AbstractBeanDefinitionReader.java:143)
	at org.springframework.beans.factory.support.AbstractBeanDefinitionReader.loadBeanDefinitions(AbstractBeanDefinitionReader.java:178)
	at org.springframework.beans.factory.support.AbstractBeanDefinitionReader.loadBeanDefinitions(AbstractBeanDefinitionReader.java:149)
	at org.springframework.web.context.support.XmlWebApplicationContext.loadBeanDefinitions(XmlWebApplicationContext.java:124)
	at org.springframework.web.context.support.XmlWebApplicationContext.loadBeanDefinitions(XmlWebApplicationContext.java:92)
	at org.springframework.context.support.AbstractRefreshableApplicationContext.__refreshBeanFactory(AbstractRefreshableApplicationContext.java:123)
	at org.springframework.context.support.AbstractRefreshableApplicationContext.refreshBeanFactory(AbstractRefreshableApplicationContext.java)
	at org.springframework.context.support.AbstractApplicationContext.obtainFreshBeanFactory(AbstractApplicationContext.java:422)
	at org.springframework.context.support.AbstractApplicationContext.__refresh(AbstractApplicationContext.java:352)
	at org.springframework.context.support.AbstractApplicationContext.refresh(AbstractApplicationContext.java)
	at org.springframework.web.context.ContextLoader.createWebApplicationContext(ContextLoader.java:255)
	at org.springframework.web.context.ContextLoader.initWebApplicationContext(ContextLoader.java:199)
	at org.springframework.web.context.ContextLoaderListener.contextInitialized(ContextLoaderListener.java:45)
	at org.apache.catalina.core.StandardContext.listenerStart(StandardContext.java:4210)
	at org.apache.catalina.core.StandardContext.start(StandardContext.java:4709)
	at org.apache.catalina.core.ContainerBase.addChildInternal(ContainerBase.java:799)
	at org.apache.catalina.core.ContainerBase.addChild(ContainerBase.java:779)
	at org.apache.catalina.core.StandardHost.addChild(StandardHost.java:583)
	at org.apache.catalina.startup.HostConfig.manageApp(HostConfig.java:1429)
	at sun.reflect.GeneratedMethodAccessor104.invoke(Unknown Source)
	at java.lang.reflect.Method.invoke(Method.java:597)
	at org.apache.tomcat.util.modeler.BaseModelMBean.invoke(BaseModelMBean.java:297)
	at com.sun.jmx.interceptor.DefaultMBeanServerInterceptor.invoke(DefaultMBeanServerInterceptor.java:836)
	at com.sun.jmx.mbeanserver.JmxMBeanServer.invoke(JmxMBeanServer.java:762)
	at org.apache.catalina.mbeans.MBeanFactory.createStandardContext(MBeanFactory.java:631)
	at org.apache.catalina.mbeans.MBeanFactory.createStandardContext(MBeanFactory.java:568)
	at sun.reflect.GeneratedMethodAccessor101.invoke(Unknown Source)
	at java.lang.reflect.Method.invoke(Method.java:597)
	at org.apache.tomcat.util.modeler.BaseModelMBean.invoke(BaseModelMBean.java:295)
	at com.sun.jmx.interceptor.DefaultMBeanServerInterceptor.invoke(DefaultMBeanServerInterceptor.java:836)
	at com.sun.jmx.mbeanserver.JmxMBeanServer.invoke(JmxMBeanServer.java:762)
	at javax.management.remote.rmi.RMIConnectionImpl.doOperation(RMIConnectionImpl.java:1454)
	at javax.management.remote.rmi.RMIConnectionImpl.access$300(RMIConnectionImpl.java:74)
	at javax.management.remote.rmi.RMIConnectionImpl$PrivilegedOperation.run(RMIConnectionImpl.java:1295)
	at javax.management.remote.rmi.RMIConnectionImpl.doPrivilegedOperation(RMIConnectionImpl.java:1387)
	at javax.management.remote.rmi.RMIConnectionImpl.invoke(RMIConnectionImpl.java:818)
	at sun.reflect.GeneratedMethodAccessor100.invoke(Unknown Source)
	at java.lang.reflect.Method.invoke(Method.java:597)
	at sun.rmi.server.UnicastServerRef.dispatch(UnicastServerRef.java:303)
	at sun.rmi.transport.Transport$1.run(Transport.java:159)
	at java.security.AccessController.doPrivileged(Native Method)
	at sun.rmi.transport.Transport.serviceCall(Transport.java:155)
	at sun.rmi.transport.tcp.TCPTransport.handleMessages(TCPTransport.java:535)
	at sun.rmi.transport.tcp.TCPTransport$ConnectionHandler.run0(TCPTransport.java:790)
	at sun.rmi.transport.tcp.TCPTransport$ConnectionHandler.run(TCPTransport.java:649)
	at java.util.concurrent.ThreadPoolExecutor$Worker.runTask(ThreadPoolExecutor.java:895)
	at java.util.concurrent.ThreadPoolExecutor$Worker.run(ThreadPoolExecutor.java:918)
	at java.lang.Thread.run(Thread.java:662)
Caused by: org.xml.sax.SAXParseException: cvc-elt.1: Cannot find the declaration of element 'beans'.
	at org.apache.xerces.util.ErrorHandlerWrapper.createSAXParseException(Unknown Source)
	at org.apache.xerces.util.ErrorHandlerWrapper.error(Unknown Source)
	at org.apache.xerces.impl.XMLErrorReporter.reportError(Unknown Source)
	at org.apache.xerces.impl.XMLErrorReporter.reportError(Unknown Source)
	at org.apache.xerces.impl.XMLErrorReporter.reportError(Unknown Source)
	at org.apache.xerces.impl.xs.XMLSchemaValidator.handleStartElement(Unknown Source)
	at org.apache.xerces.impl.xs.XMLSchemaValidator.startElement(Unknown Source)
	at org.apache.xerces.impl.XMLNSDocumentScannerImpl.scanStartElement(Unknown Source)
	at org.apache.xerces.impl.XMLNSDocumentScannerImpl$NSContentDispatcher.scanRootElementHook(Unknown Source)
	at org.apache.xerces.impl.XMLDocumentFragmentScannerImpl$FragmentContentDispatcher.dispatch(Unknown Source)
	at org.apache.xerces.impl.XMLDocumentFragmentScannerImpl.scanDocument(Unknown Source)
	at org.apache.xerces.parsers.XML11Configuration.parse(Unknown Source)
	at org.apache.xerces.parsers.XML11Configuration.parse(Unknown Source)
	at org.apache.xerces.parsers.XMLParser.parse(Unknown Source)
	at org.apache.xerces.parsers.DOMParser.parse(Unknown Source)
	at org.apache.xerces.jaxp.DocumentBuilderImpl.parse(Unknown Source)
	at org.springframework.beans.factory.xml.DefaultDocumentLoader.loadDocument(DefaultDocumentLoader.java:75)
	at org.springframework.beans.factory.xml.XmlBeanDefinitionReader.doLoadBeanDefinitions(XmlBeanDefinitionReader.java:396)
	... 50 more
INFO: 17-01-03 14:56:05 服务器结束接口文件http://120.55.73.0:8081/product/services/FDInsComService
