WARN: 17-08-08 08:59:22 ----Default.成功初始化10个连接
ERROR: 17-08-08 09:00:08 Unsuccessful: alter table Area add index FK1F44AD3D321BEB (parent_id), add constraint FK1F44AD3D321BEB foreign key (parent_id) references Area (id)
ERROR: 17-08-08 09:00:08 Cannot add or update a child row: a foreign key constraint fails (`kaixinbao`.`#sql-768_3e10`, CONSTRAINT `FK1F44AD3D321BEB` FOREIGN KEY (`parent_id`) REFERENCES `area` (`id`))
ERROR: 17-08-08 09:00:08 Unsuccessful: alter table Member add index FK892776BA78AA11FB (mBindInfoForLogin_id), add constraint FK892776BA78AA11FB foreign key (mBindInfoForLogin_id) references bindInfoForLogin (id)
ERROR: 17-08-08 09:00:08 Can't create table 'kaixinbao.#sql-768_3e10' (errno: 150)
WARN: 17-08-08 09:00:10 Possible error: Filters at position 8 and 9 are both instances of org.springframework.security.intercept.web.FilterSecurityInterceptor
WARN: 17-08-08 09:06:00 没有ID=22的全文检索!
WARN: 17-08-08 09:06:00 没有ID=37的全文检索!
WARN: 17-08-08 09:06:00 ----_OuterDatabase_11成功初始化0个连接
WARN: 17-08-08 09:06:00 ----_OuterDatabase_14成功初始化0个连接
WARN: 17-08-08 09:06:00 ----_OuterDatabase_16成功初始化0个连接
WARN: 17-08-08 09:06:00 ----_OuterDatabase_17成功初始化0个连接
WARN: 17-08-08 09:06:00 ----_OuterDatabase_21成功初始化0个连接
WARN: 17-08-08 09:08:48 ----B2B.成功初始化0个连接
WARN: 17-08-08 09:09:00 没有ID=22的全文检索!
WARN: 17-08-08 09:09:00 没有ID=37的全文检索!
WARN: 17-08-08 09:12:00 没有ID=37的全文检索!
WARN: 17-08-08 09:12:00 没有ID=22的全文检索!
WARN: 17-08-08 09:15:00 没有ID=22的全文检索!
WARN: 17-08-08 09:15:00 没有ID=37的全文检索!
WARN: 17-08-08 09:18:00 没有ID=37的全文检索!
WARN: 17-08-08 09:18:00 没有ID=22的全文检索!
WARN: 17-08-08 09:21:00 没有ID=22的全文检索!
WARN: 17-08-08 09:21:00 没有ID=37的全文检索!
WARN: 17-08-08 09:24:00 没有ID=22的全文检索!
WARN: 17-08-08 09:24:00 没有ID=37的全文检索!
WARN: 17-08-08 09:27:00 没有ID=37的全文检索!
WARN: 17-08-08 09:27:00 没有ID=22的全文检索!
WARN: 17-08-08 09:30:00 没有ID=37的全文检索!
WARN: 17-08-08 09:30:00 没有ID=22的全文检索!
WARN: 17-08-08 09:33:00 没有ID=37的全文检索!
WARN: 17-08-08 09:33:00 没有ID=22的全文检索!
WARN: 17-08-08 09:36:00 没有ID=22的全文检索!
WARN: 17-08-08 09:36:00 没有ID=37的全文检索!
WARN: 17-08-08 09:39:00 没有ID=37的全文检索!
WARN: 17-08-08 09:39:00 没有ID=22的全文检索!
WARN: 17-08-08 11:12:00 没有ID=37的全文检索!
WARN: 17-08-08 11:12:00 没有ID=22的全文检索!
WARN: 17-08-08 11:15:00 没有ID=37的全文检索!
WARN: 17-08-08 11:15:00 没有ID=22的全文检索!
WARN: 17-08-08 11:18:00 没有ID=37的全文检索!
WARN: 17-08-08 11:18:00 没有ID=22的全文检索!
WARN: 17-08-08 11:21:00 没有ID=37的全文检索!
WARN: 17-08-08 11:21:00 没有ID=22的全文检索!
WARN: 17-08-08 11:24:00 没有ID=22的全文检索!
WARN: 17-08-08 11:24:00 没有ID=37的全文检索!
WARN: 17-08-08 11:27:00 没有ID=37的全文检索!
WARN: 17-08-08 11:27:00 没有ID=22的全文检索!
WARN: 17-08-08 11:30:00 没有ID=22的全文检索!
WARN: 17-08-08 11:30:00 没有ID=37的全文检索!
WARN: 17-08-08 11:33:00 没有ID=37的全文检索!
WARN: 17-08-08 11:33:00 没有ID=22的全文检索!
WARN: 17-08-08 11:36:00 没有ID=37的全文检索!
WARN: 17-08-08 11:36:00 没有ID=22的全文检索!
WARN: 17-08-08 11:39:00 没有ID=37的全文检索!
WARN: 17-08-08 11:39:00 没有ID=22的全文检索!
WARN: 17-08-08 11:42:00 没有ID=37的全文检索!
WARN: 17-08-08 11:42:00 没有ID=22的全文检索!
WARN: 17-08-08 11:45:00 没有ID=22的全文检索!
WARN: 17-08-08 11:45:00 没有ID=37的全文检索!
WARN: 17-08-08 11:48:00 没有ID=37的全文检索!
WARN: 17-08-08 11:48:00 没有ID=22的全文检索!
WARN: 17-08-08 11:51:00 没有ID=22的全文检索!
WARN: 17-08-08 11:51:00 没有ID=37的全文检索!
WARN: 17-08-08 11:54:00 没有ID=37的全文检索!
WARN: 17-08-08 11:54:00 没有ID=22的全文检索!
WARN: 17-08-08 11:57:00 没有ID=37的全文检索!
WARN: 17-08-08 11:57:00 没有ID=22的全文检索!
WARN: 17-08-08 12:00:00 没有ID=37的全文检索!
WARN: 17-08-08 12:00:00 没有ID=22的全文检索!
WARN: 17-08-08 12:03:00 没有ID=22的全文检索!
WARN: 17-08-08 12:03:00 没有ID=37的全文检索!
WARN: 17-08-08 12:06:00 没有ID=37的全文检索!
WARN: 17-08-08 12:06:00 没有ID=22的全文检索!
WARN: 17-08-08 12:09:00 没有ID=22的全文检索!
WARN: 17-08-08 12:09:00 没有ID=37的全文检索!
WARN: 17-08-08 12:12:00 没有ID=37的全文检索!
WARN: 17-08-08 12:12:00 没有ID=22的全文检索!
WARN: 17-08-08 12:15:00 没有ID=37的全文检索!
WARN: 17-08-08 12:15:00 没有ID=22的全文检索!
WARN: 17-08-08 12:18:00 没有ID=22的全文检索!
WARN: 17-08-08 12:18:00 没有ID=37的全文检索!
WARN: 17-08-08 12:21:00 没有ID=22的全文检索!
WARN: 17-08-08 12:21:00 没有ID=37的全文检索!
WARN: 17-08-08 12:24:00 没有ID=37的全文检索!
WARN: 17-08-08 12:24:00 没有ID=22的全文检索!
WARN: 17-08-08 12:27:00 没有ID=22的全文检索!
WARN: 17-08-08 12:27:00 没有ID=37的全文检索!
WARN: 17-08-08 12:30:00 没有ID=22的全文检索!
WARN: 17-08-08 12:30:00 没有ID=37的全文检索!
WARN: 17-08-08 12:33:00 没有ID=22的全文检索!
WARN: 17-08-08 12:33:00 没有ID=37的全文检索!
WARN: 17-08-08 12:36:00 没有ID=22的全文检索!
WARN: 17-08-08 12:36:00 没有ID=37的全文检索!
WARN: 17-08-08 12:39:00 没有ID=22的全文检索!
WARN: 17-08-08 12:39:00 没有ID=37的全文检索!
WARN: 17-08-08 12:42:00 没有ID=22的全文检索!
WARN: 17-08-08 12:42:00 没有ID=37的全文检索!
WARN: 17-08-08 12:45:01 没有ID=22的全文检索!
WARN: 17-08-08 12:45:01 没有ID=37的全文检索!
WARN: 17-08-08 12:48:01 没有ID=22的全文检索!
WARN: 17-08-08 12:48:01 没有ID=37的全文检索!
WARN: 17-08-08 12:51:01 没有ID=22的全文检索!
WARN: 17-08-08 12:51:01 没有ID=37的全文检索!
WARN: 17-08-08 12:54:01 没有ID=37的全文检索!
WARN: 17-08-08 12:54:01 没有ID=22的全文检索!
WARN: 17-08-08 12:57:00 没有ID=37的全文检索!
WARN: 17-08-08 12:57:00 没有ID=22的全文检索!
WARN: 17-08-08 13:00:00 没有ID=22的全文检索!
WARN: 17-08-08 13:00:00 没有ID=37的全文检索!
WARN: 17-08-08 13:03:00 没有ID=22的全文检索!
WARN: 17-08-08 13:03:00 没有ID=37的全文检索!
WARN: 17-08-08 13:06:00 没有ID=22的全文检索!
WARN: 17-08-08 13:06:00 没有ID=37的全文检索!
WARN: 17-08-08 13:09:00 没有ID=22的全文检索!
WARN: 17-08-08 13:09:00 没有ID=37的全文检索!
WARN: 17-08-08 13:12:00 没有ID=22的全文检索!
WARN: 17-08-08 13:12:00 没有ID=37的全文检索!
WARN: 17-08-08 13:15:00 没有ID=37的全文检索!
WARN: 17-08-08 13:15:00 没有ID=22的全文检索!
WARN: 17-08-08 13:18:00 没有ID=37的全文检索!
WARN: 17-08-08 13:18:00 没有ID=22的全文检索!
WARN: 17-08-08 13:21:00 没有ID=22的全文检索!
WARN: 17-08-08 13:21:00 没有ID=37的全文检索!
WARN: 17-08-08 13:24:00 没有ID=22的全文检索!
WARN: 17-08-08 13:24:00 没有ID=37的全文检索!
WARN: 17-08-08 13:27:00 没有ID=37的全文检索!
WARN: 17-08-08 13:27:00 没有ID=22的全文检索!
WARN: 17-08-08 13:30:00 没有ID=22的全文检索!
WARN: 17-08-08 13:30:00 没有ID=37的全文检索!
WARN: 17-08-08 13:33:00 没有ID=22的全文检索!
WARN: 17-08-08 13:33:00 没有ID=37的全文检索!
WARN: 17-08-08 13:36:00 没有ID=37的全文检索!
WARN: 17-08-08 13:36:00 没有ID=22的全文检索!
WARN: 17-08-08 13:39:00 没有ID=22的全文检索!
WARN: 17-08-08 13:39:00 没有ID=37的全文检索!
WARN: 17-08-08 13:42:00 没有ID=37的全文检索!
WARN: 17-08-08 13:42:00 没有ID=22的全文检索!
WARN: 17-08-08 13:45:00 没有ID=22的全文检索!
WARN: 17-08-08 13:45:00 没有ID=37的全文检索!
WARN: 17-08-08 13:48:00 没有ID=37的全文检索!
WARN: 17-08-08 13:48:00 没有ID=22的全文检索!
WARN: 17-08-08 13:51:00 没有ID=37的全文检索!
WARN: 17-08-08 13:51:00 没有ID=22的全文检索!
WARN: 17-08-08 13:54:00 没有ID=22的全文检索!
WARN: 17-08-08 13:54:00 没有ID=37的全文检索!
WARN: 17-08-08 13:57:00 没有ID=22的全文检索!
WARN: 17-08-08 13:57:00 没有ID=37的全文检索!
WARN: 17-08-08 14:00:00 没有ID=37的全文检索!
WARN: 17-08-08 14:00:00 没有ID=22的全文检索!
WARN: 17-08-08 14:03:00 没有ID=37的全文检索!
WARN: 17-08-08 14:03:00 没有ID=22的全文检索!
WARN: 17-08-08 14:06:00 没有ID=37的全文检索!
WARN: 17-08-08 14:06:00 没有ID=22的全文检索!
WARN: 17-08-08 14:09:00 没有ID=37的全文检索!
WARN: 17-08-08 14:09:00 没有ID=22的全文检索!
WARN: 17-08-08 14:12:00 没有ID=37的全文检索!
WARN: 17-08-08 14:12:00 没有ID=22的全文检索!
WARN: 17-08-08 14:15:00 没有ID=22的全文检索!
WARN: 17-08-08 14:15:00 没有ID=37的全文检索!
WARN: 17-08-08 14:18:00 没有ID=22的全文检索!
WARN: 17-08-08 14:18:00 没有ID=37的全文检索!
WARN: 17-08-08 14:21:00 没有ID=37的全文检索!
WARN: 17-08-08 14:21:00 没有ID=22的全文检索!
WARN: 17-08-08 14:24:00 没有ID=22的全文检索!
WARN: 17-08-08 14:24:00 没有ID=37的全文检索!
WARN: 17-08-08 14:27:00 没有ID=22的全文检索!
WARN: 17-08-08 14:27:00 没有ID=37的全文检索!
WARN: 17-08-08 14:30:00 没有ID=22的全文检索!
WARN: 17-08-08 14:30:00 没有ID=37的全文检索!
WARN: 17-08-08 14:33:00 没有ID=22的全文检索!
WARN: 17-08-08 14:33:00 没有ID=37的全文检索!
WARN: 17-08-08 14:36:00 没有ID=37的全文检索!
WARN: 17-08-08 14:36:00 没有ID=22的全文检索!
WARN: 17-08-08 14:39:00 没有ID=37的全文检索!
WARN: 17-08-08 14:39:00 没有ID=22的全文检索!
WARN: 17-08-08 14:42:00 没有ID=37的全文检索!
WARN: 17-08-08 14:42:00 没有ID=22的全文检索!
WARN: 17-08-08 14:45:00 没有ID=22的全文检索!
WARN: 17-08-08 14:45:00 没有ID=37的全文检索!
WARN: 17-08-08 14:48:00 没有ID=37的全文检索!
WARN: 17-08-08 14:48:00 没有ID=22的全文检索!
WARN: 17-08-08 14:51:00 没有ID=37的全文检索!
WARN: 17-08-08 14:51:00 没有ID=22的全文检索!
WARN: 17-08-08 14:54:00 没有ID=37的全文检索!
WARN: 17-08-08 14:54:00 没有ID=22的全文检索!
WARN: 17-08-08 14:57:00 没有ID=22的全文检索!
WARN: 17-08-08 14:57:00 没有ID=37的全文检索!
WARN: 17-08-08 15:00:00 没有ID=22的全文检索!
WARN: 17-08-08 15:00:00 没有ID=37的全文检索!
WARN: 17-08-08 15:03:00 没有ID=37的全文检索!
WARN: 17-08-08 15:03:00 没有ID=22的全文检索!
WARN: 17-08-08 15:06:00 没有ID=22的全文检索!
WARN: 17-08-08 15:06:00 没有ID=37的全文检索!
WARN: 17-08-08 15:09:00 没有ID=22的全文检索!
WARN: 17-08-08 15:09:00 没有ID=37的全文检索!
WARN: 17-08-08 15:12:00 没有ID=37的全文检索!
WARN: 17-08-08 15:12:00 没有ID=22的全文检索!
WARN: 17-08-08 15:15:00 没有ID=37的全文检索!
WARN: 17-08-08 15:15:00 没有ID=22的全文检索!
WARN: 17-08-08 15:18:00 没有ID=37的全文检索!
WARN: 17-08-08 15:18:00 没有ID=22的全文检索!
WARN: 17-08-08 15:21:00 没有ID=37的全文检索!
WARN: 17-08-08 15:21:00 没有ID=22的全文检索!
ERROR: 17-08-08 15:23:31 java.lang.reflect.InvocationTargetException
ERROR: 17-08-08 15:23:31 	at sun.reflect.GeneratedMethodAccessor1294.invoke(Unknown Source)
ERROR: 17-08-08 15:23:31 	at java.lang.reflect.Method.invoke(Method.java:597)
ERROR: 17-08-08 15:23:31 	at com.sinosoft.framework.controls.InitTag.doStartTag(InitTag.java:45)
ERROR: 17-08-08 15:23:31 	at org.apache.jsp.SaleInfo.OrderInfo_jsp._jspx_meth_z_005finit_005f0(OrderInfo_jsp.java:150)
ERROR: 17-08-08 15:23:31 	at org.apache.jsp.SaleInfo.OrderInfo_jsp._jspService(OrderInfo_jsp.java:125)
ERROR: 17-08-08 15:23:31 	at org.apache.jasper.runtime.HttpJspBase.service(HttpJspBase.java:70)
ERROR: 17-08-08 15:23:31 	at javax.servlet.http.HttpServlet.service(HttpServlet.java:723)
ERROR: 17-08-08 15:23:31 	at org.apache.jasper.servlet.JspServletWrapper.service(JspServletWrapper.java:388)
ERROR: 17-08-08 15:23:31 	at org.apache.jasper.servlet.JspServlet._serviceJspFile(JspServlet.java:313)
ERROR: 17-08-08 15:23:31 	at org.apache.jasper.servlet.JspServlet.serviceJspFile(JspServlet.java)
ERROR: 17-08-08 15:23:31 	at org.apache.jasper.servlet.JspServlet.service(JspServlet.java:260)
ERROR: 17-08-08 15:23:31 	at javax.servlet.http.HttpServlet.service(HttpServlet.java:723)
ERROR: 17-08-08 15:23:31 	at org.apache.catalina.core.ApplicationFilterChain.internalDoFilter(ApplicationFilterChain.java:290)
ERROR: 17-08-08 15:23:31 	at org.apache.catalina.core.ApplicationFilterChain.doFilter(ApplicationFilterChain.java:206)
ERROR: 17-08-08 15:23:31 	at com.sinosoft.framework.MainFilter.doFilter(MainFilter.java:211)
ERROR: 17-08-08 15:23:31 	at org.apache.catalina.core.ApplicationFilterChain.internalDoFilter(ApplicationFilterChain.java:235)
ERROR: 17-08-08 15:23:31 	at org.apache.catalina.core.ApplicationFilterChain.doFilter(ApplicationFilterChain.java:206)
ERROR: 17-08-08 15:23:31 	at org.springframework.orm.hibernate3.support.OpenSessionInViewFilter.doFilterInternal(OpenSessionInViewFilter.java:198)
ERROR: 17-08-08 15:23:31 	at org.springframework.web.filter.OncePerRequestFilter.doFilter(OncePerRequestFilter.java:76)
ERROR: 17-08-08 15:23:31 	at org.apache.catalina.core.ApplicationFilterChain.internalDoFilter(ApplicationFilterChain.java:235)
ERROR: 17-08-08 15:23:31 	at org.apache.catalina.core.ApplicationFilterChain.doFilter(ApplicationFilterChain.java:206)
ERROR: 17-08-08 15:23:31 	at org.springframework.web.filter.CharacterEncodingFilter.doFilterInternal(CharacterEncodingFilter.java:96)
ERROR: 17-08-08 15:23:31 	at org.springframework.web.filter.OncePerRequestFilter.doFilter(OncePerRequestFilter.java:76)
ERROR: 17-08-08 15:23:31 	at org.apache.catalina.core.ApplicationFilterChain.internalDoFilter(ApplicationFilterChain.java:235)
ERROR: 17-08-08 15:23:31 	at org.apache.catalina.core.ApplicationFilterChain.doFilter(ApplicationFilterChain.java:206)
ERROR: 17-08-08 15:23:31 	at org.apache.catalina.core.StandardWrapperValve.invoke(StandardWrapperValve.java:233)
ERROR: 17-08-08 15:23:31 	at org.apache.catalina.core.StandardContextValve.__invoke(StandardContextValve.java:191)
ERROR: 17-08-08 15:23:31 	at org.apache.catalina.core.StandardContextValve.invoke(StandardContextValve.java)
ERROR: 17-08-08 15:23:31 	at org.apache.catalina.core.StandardHostValve.invoke(StandardHostValve.java:127)
ERROR: 17-08-08 15:23:31 	at org.apache.catalina.valves.ErrorReportValve.invoke(ErrorReportValve.java:103)
ERROR: 17-08-08 15:23:31 	at org.apache.catalina.core.StandardEngineValve.invoke(StandardEngineValve.java:109)
ERROR: 17-08-08 15:23:31 	at org.apache.catalina.connector.CoyoteAdapter.service(CoyoteAdapter.java:293)
ERROR: 17-08-08 15:23:31 	at org.apache.coyote.http11.Http11AprProcessor.process(Http11AprProcessor.java:879)
ERROR: 17-08-08 15:23:31 	at org.apache.coyote.http11.Http11AprProtocol$Http11ConnectionHandler.process(Http11AprProtocol.java:617)
ERROR: 17-08-08 15:23:31 	at org.apache.tomcat.util.net.AprEndpoint$Worker.run(AprEndpoint.java:1774)
ERROR: 17-08-08 15:23:31 	at java.lang.Thread.run(Thread.java:662)
ERROR: 17-08-08 15:23:31 Caused by: java.lang.NumberFormatException: For input string: "admin"
ERROR: 17-08-08 15:23:31 	at java.lang.NumberFormatException.forInputString(NumberFormatException.java:48)
ERROR: 17-08-08 15:23:31 	at java.lang.Integer.parseInt(Integer.java:449)
ERROR: 17-08-08 15:23:31 	at java.lang.Integer.parseInt(Integer.java:499)
ERROR: 17-08-08 15:23:31 	at com.sinosoft.framework.data.QueryBuilder.executeInt(QueryBuilder.java:394)
ERROR: 17-08-08 15:23:31 	at com.wangjin.infoseeker.OrderInfo.initStaff(OrderInfo.java:44)
ERROR: 17-08-08 15:23:31 	... 36 more
WARN: 17-08-08 15:24:00 没有ID=37的全文检索!
WARN: 17-08-08 15:24:00 没有ID=22的全文检索!
WARN: 17-08-08 15:27:00 没有ID=22的全文检索!
WARN: 17-08-08 15:27:00 没有ID=37的全文检索!
WARN: 17-08-08 15:30:00 没有ID=22的全文检索!
WARN: 17-08-08 15:30:00 没有ID=37的全文检索!
WARN: 17-08-08 15:33:00 没有ID=37的全文检索!
WARN: 17-08-08 15:33:00 没有ID=22的全文检索!
WARN: 17-08-08 15:36:00 没有ID=22的全文检索!
WARN: 17-08-08 15:36:00 没有ID=37的全文检索!
WARN: 17-08-08 15:39:00 没有ID=22的全文检索!
WARN: 17-08-08 15:39:00 没有ID=37的全文检索!
WARN: 17-08-08 15:42:00 没有ID=22的全文检索!
WARN: 17-08-08 15:42:00 没有ID=37的全文检索!
WARN: 17-08-08 15:45:00 没有ID=37的全文检索!
WARN: 17-08-08 15:45:00 没有ID=22的全文检索!
WARN: 17-08-08 15:48:00 没有ID=22的全文检索!
WARN: 17-08-08 15:48:00 没有ID=37的全文检索!
WARN: 17-08-08 15:51:00 没有ID=37的全文检索!
WARN: 17-08-08 15:51:00 没有ID=22的全文检索!
WARN: 17-08-08 15:54:00 没有ID=37的全文检索!
WARN: 17-08-08 15:54:00 没有ID=22的全文检索!
WARN: 17-08-08 15:57:00 没有ID=22的全文检索!
WARN: 17-08-08 15:57:00 没有ID=37的全文检索!
WARN: 17-08-08 16:00:00 没有ID=37的全文检索!
WARN: 17-08-08 16:00:00 没有ID=22的全文检索!
WARN: 17-08-08 16:03:00 没有ID=37的全文检索!
WARN: 17-08-08 16:03:00 没有ID=22的全文检索!
WARN: 17-08-08 16:06:00 没有ID=37的全文检索!
WARN: 17-08-08 16:06:00 没有ID=22的全文检索!
WARN: 17-08-08 16:09:00 没有ID=37的全文检索!
WARN: 17-08-08 16:09:00 没有ID=22的全文检索!
WARN: 17-08-08 16:12:00 没有ID=37的全文检索!
WARN: 17-08-08 16:12:00 没有ID=22的全文检索!
WARN: 17-08-08 16:15:00 没有ID=22的全文检索!
WARN: 17-08-08 16:15:00 没有ID=37的全文检索!
WARN: 17-08-08 16:18:00 没有ID=22的全文检索!
WARN: 17-08-08 16:18:00 没有ID=37的全文检索!
WARN: 17-08-08 16:21:00 没有ID=22的全文检索!
WARN: 17-08-08 16:21:00 没有ID=37的全文检索!
WARN: 17-08-08 16:24:00 没有ID=22的全文检索!
WARN: 17-08-08 16:24:00 没有ID=37的全文检索!
WARN: 17-08-08 16:27:00 没有ID=22的全文检索!
WARN: 17-08-08 16:27:00 没有ID=37的全文检索!
ERROR: 17-08-08 16:29:04 java.lang.NullPointerException
ERROR: 17-08-08 16:29:04 	at cn.com.sinosoft.service.impl.SDOrderServiceImpl.getProductInformation(SDOrderServiceImpl.java:142)
ERROR: 17-08-08 16:29:04 	at com.sinosoft.cms.dataservice.OrderImport.initDialog(OrderImport.java:115)
ERROR: 17-08-08 16:29:04 	at sun.reflect.GeneratedMethodAccessor1687.invoke(Unknown Source)
ERROR: 17-08-08 16:29:04 	at java.lang.reflect.Method.invoke(Method.java:597)
ERROR: 17-08-08 16:29:04 	at com.sinosoft.framework.controls.InitTag.doStartTag(InitTag.java:45)
ERROR: 17-08-08 16:29:04 	at org.apache.jsp.DataService.InsureInfoUpLoad_jsp._jspx_meth_z_005finit_005f0(InsureInfoUpLoad_jsp.java:284)
ERROR: 17-08-08 16:29:04 	at org.apache.jsp.DataService.InsureInfoUpLoad_jsp._jspService(InsureInfoUpLoad_jsp.java:254)
ERROR: 17-08-08 16:29:04 	at org.apache.jasper.runtime.HttpJspBase.service(HttpJspBase.java:70)
ERROR: 17-08-08 16:29:04 	at javax.servlet.http.HttpServlet.service(HttpServlet.java:723)
ERROR: 17-08-08 16:29:04 	at org.apache.jasper.servlet.JspServletWrapper.service(JspServletWrapper.java:388)
ERROR: 17-08-08 16:29:04 	at org.apache.jasper.servlet.JspServlet._serviceJspFile(JspServlet.java:313)
ERROR: 17-08-08 16:29:04 	at org.apache.jasper.servlet.JspServlet.serviceJspFile(JspServlet.java)
ERROR: 17-08-08 16:29:04 	at org.apache.jasper.servlet.JspServlet.service(JspServlet.java:260)
ERROR: 17-08-08 16:29:04 	at javax.servlet.http.HttpServlet.service(HttpServlet.java:723)
ERROR: 17-08-08 16:29:04 	at org.apache.catalina.core.ApplicationFilterChain.internalDoFilter(ApplicationFilterChain.java:290)
ERROR: 17-08-08 16:29:04 	at org.apache.catalina.core.ApplicationFilterChain.doFilter(ApplicationFilterChain.java:206)
ERROR: 17-08-08 16:29:04 	at com.sinosoft.framework.MainFilter.doFilter(MainFilter.java:211)
ERROR: 17-08-08 16:29:04 	at org.apache.catalina.core.ApplicationFilterChain.internalDoFilter(ApplicationFilterChain.java:235)
ERROR: 17-08-08 16:29:04 	at org.apache.catalina.core.ApplicationFilterChain.doFilter(ApplicationFilterChain.java:206)
ERROR: 17-08-08 16:29:04 	at org.springframework.orm.hibernate3.support.OpenSessionInViewFilter.doFilterInternal(OpenSessionInViewFilter.java:198)
ERROR: 17-08-08 16:29:04 	at org.springframework.web.filter.OncePerRequestFilter.doFilter(OncePerRequestFilter.java:76)
ERROR: 17-08-08 16:29:04 	at org.apache.catalina.core.ApplicationFilterChain.internalDoFilter(ApplicationFilterChain.java:235)
ERROR: 17-08-08 16:29:04 	at org.apache.catalina.core.ApplicationFilterChain.doFilter(ApplicationFilterChain.java:206)
ERROR: 17-08-08 16:29:04 	at org.springframework.web.filter.CharacterEncodingFilter.doFilterInternal(CharacterEncodingFilter.java:96)
ERROR: 17-08-08 16:29:04 	at org.springframework.web.filter.OncePerRequestFilter.doFilter(OncePerRequestFilter.java:76)
ERROR: 17-08-08 16:29:04 	at org.apache.catalina.core.ApplicationFilterChain.internalDoFilter(ApplicationFilterChain.java:235)
ERROR: 17-08-08 16:29:04 	at org.apache.catalina.core.ApplicationFilterChain.doFilter(ApplicationFilterChain.java:206)
ERROR: 17-08-08 16:29:04 	at org.apache.catalina.core.StandardWrapperValve.invoke(StandardWrapperValve.java:233)
ERROR: 17-08-08 16:29:04 	at org.apache.catalina.core.StandardContextValve.__invoke(StandardContextValve.java:191)
ERROR: 17-08-08 16:29:04 	at org.apache.catalina.core.StandardContextValve.invoke(StandardContextValve.java)
ERROR: 17-08-08 16:29:04 	at org.apache.catalina.core.StandardHostValve.invoke(StandardHostValve.java:127)
ERROR: 17-08-08 16:29:04 	at org.apache.catalina.valves.ErrorReportValve.invoke(ErrorReportValve.java:103)
ERROR: 17-08-08 16:29:04 	at org.apache.catalina.core.StandardEngineValve.invoke(StandardEngineValve.java:109)
ERROR: 17-08-08 16:29:04 	at org.apache.catalina.connector.CoyoteAdapter.service(CoyoteAdapter.java:293)
ERROR: 17-08-08 16:29:04 	at org.apache.coyote.http11.Http11AprProcessor.process(Http11AprProcessor.java:879)
ERROR: 17-08-08 16:29:04 	at org.apache.coyote.http11.Http11AprProtocol$Http11ConnectionHandler.process(Http11AprProtocol.java:617)
ERROR: 17-08-08 16:29:04 	at org.apache.tomcat.util.net.AprEndpoint$Worker.run(AprEndpoint.java:1774)
ERROR: 17-08-08 16:29:04 	at java.lang.Thread.run(Thread.java:662)
WARN: 17-08-08 16:30:00 没有ID=37的全文检索!
WARN: 17-08-08 16:30:00 没有ID=22的全文检索!
WARN: 17-08-08 16:33:00 没有ID=37的全文检索!
WARN: 17-08-08 16:33:00 没有ID=22的全文检索!
WARN: 17-08-08 16:36:00 没有ID=22的全文检索!
WARN: 17-08-08 16:36:00 没有ID=37的全文检索!
WARN: 17-08-08 16:39:00 没有ID=22的全文检索!
WARN: 17-08-08 16:39:00 没有ID=37的全文检索!
WARN: 17-08-08 16:40:30 Cron Task is on time ,but its last execution isn't finished!
WARN: 17-08-08 16:41:00 Cron Task is on time ,but its last execution isn't finished!
WARN: 17-08-08 16:41:00 Cron Task is on time ,but its last execution isn't finished!
WARN: 17-08-08 16:42:00 没有ID=22的全文检索!
WARN: 17-08-08 16:42:01 没有ID=37的全文检索!
WARN: 17-08-08 16:43:00 Cron Task is on time ,but its last execution isn't finished!
WARN: 17-08-08 16:45:00 没有ID=37的全文检索!
WARN: 17-08-08 16:45:00 没有ID=22的全文检索!
WARN: 17-08-08 16:48:01 没有ID=37的全文检索!
WARN: 17-08-08 16:48:01 没有ID=22的全文检索!
WARN: 17-08-08 16:51:00 没有ID=37的全文检索!
WARN: 17-08-08 16:51:00 没有ID=22的全文检索!
WARN: 17-08-08 16:54:00 没有ID=37的全文检索!
WARN: 17-08-08 16:54:00 没有ID=22的全文检索!
WARN: 17-08-08 16:57:00 没有ID=37的全文检索!
WARN: 17-08-08 16:57:00 没有ID=22的全文检索!
WARN: 17-08-08 17:00:00 没有ID=22的全文检索!
WARN: 17-08-08 17:00:00 没有ID=37的全文检索!
WARN: 17-08-08 17:03:00 没有ID=37的全文检索!
WARN: 17-08-08 17:03:00 没有ID=22的全文检索!
WARN: 17-08-08 17:06:00 没有ID=37的全文检索!
WARN: 17-08-08 17:06:00 没有ID=22的全文检索!
WARN: 17-08-08 17:09:00 没有ID=22的全文检索!
WARN: 17-08-08 17:09:00 没有ID=37的全文检索!
WARN: 17-08-08 17:12:00 没有ID=22的全文检索!
WARN: 17-08-08 17:12:00 没有ID=37的全文检索!
WARN: 17-08-08 17:15:00 没有ID=37的全文检索!
WARN: 17-08-08 17:15:00 没有ID=22的全文检索!
WARN: 17-08-08 17:18:01 没有ID=37的全文检索!
WARN: 17-08-08 17:18:01 没有ID=22的全文检索!
WARN: 17-08-08 17:21:00 没有ID=37的全文检索!
WARN: 17-08-08 17:21:00 没有ID=22的全文检索!
WARN: 17-08-08 17:24:00 没有ID=22的全文检索!
WARN: 17-08-08 17:24:00 没有ID=37的全文检索!
WARN: 17-08-08 17:27:00 没有ID=37的全文检索!
WARN: 17-08-08 17:27:00 没有ID=22的全文检索!
WARN: 17-08-08 17:30:00 没有ID=22的全文检索!
WARN: 17-08-08 17:30:00 没有ID=37的全文检索!
WARN: 17-08-08 17:33:00 没有ID=22的全文检索!
WARN: 17-08-08 17:33:00 没有ID=37的全文检索!
WARN: 17-08-08 17:36:00 没有ID=22的全文检索!
WARN: 17-08-08 17:36:00 没有ID=37的全文检索!
WARN: 17-08-08 17:39:00 没有ID=22的全文检索!
WARN: 17-08-08 17:39:00 没有ID=37的全文检索!
WARN: 17-08-08 17:42:00 没有ID=37的全文检索!
WARN: 17-08-08 17:42:00 没有ID=22的全文检索!
WARN: 17-08-08 17:45:00 没有ID=37的全文检索!
WARN: 17-08-08 17:45:00 没有ID=22的全文检索!
WARN: 17-08-08 17:48:00 没有ID=22的全文检索!
WARN: 17-08-08 17:48:00 没有ID=37的全文检索!
WARN: 17-08-08 17:51:00 没有ID=37的全文检索!
WARN: 17-08-08 17:51:00 没有ID=22的全文检索!
WARN: 17-08-08 17:54:00 没有ID=37的全文检索!
WARN: 17-08-08 17:54:00 没有ID=22的全文检索!
WARN: 17-08-08 17:57:00 没有ID=37的全文检索!
WARN: 17-08-08 17:57:00 没有ID=22的全文检索!
WARN: 17-08-08 18:00:00 没有ID=37的全文检索!
WARN: 17-08-08 18:00:00 没有ID=22的全文检索!
